2026-02-09 14:23:00 [INFO    ] EpsteinFetcher - 🚀 Inicializando fetcher...
2026-02-09 14:23:00 [INFO    ] EpsteinFetcher - 🚀 Inicializando fetcher...
2026-02-09 14:23:00 [INFO    ] EpsteinFetcher - 📦 Cache cargado: 1096 entradas
2026-02-09 14:23:00 [INFO    ] EpsteinFetcher - 📦 Cache cargado: 1096 entradas
2026-02-09 14:23:00 [INFO    ] EpsteinFetcher - 🔄 Estableciendo sesión robusta...
2026-02-09 14:23:00 [INFO    ] EpsteinFetcher - 🔄 Estableciendo sesión robusta...
2026-02-09 14:23:00 [DEBUG   ] EpsteinFetcher - 1. Visitando página raíz...
2026-02-09 14:23:00 [DEBUG   ] EpsteinFetcher - 1. Visitando página raíz...
2026-02-09 14:23:00 [DEBUG   ] EpsteinFetcher - ✅ Página raíz accesible
2026-02-09 14:23:00 [DEBUG   ] EpsteinFetcher - ✅ Página raíz accesible
2026-02-09 14:23:02 [DEBUG   ] EpsteinFetcher - 2. Visitando página Epstein principal...
2026-02-09 14:23:02 [DEBUG   ] EpsteinFetcher - 2. Visitando página Epstein principal...
2026-02-09 14:23:02 [DEBUG   ] EpsteinFetcher - No se detectó formulario de verificación explícito
2026-02-09 14:23:02 [DEBUG   ] EpsteinFetcher - No se detectó formulario de verificación explícito
2026-02-09 14:23:06 [DEBUG   ] EpsteinFetcher - 3. Visitando página de disclosures...
2026-02-09 14:23:06 [DEBUG   ] EpsteinFetcher - 3. Visitando página de disclosures...
2026-02-09 14:23:06 [DEBUG   ] EpsteinFetcher - ✅ Página de disclosures accesible
2026-02-09 14:23:06 [DEBUG   ] EpsteinFetcher - ✅ Página de disclosures accesible
2026-02-09 14:23:06 [DEBUG   ] EpsteinFetcher - 4. Verificando acceso a dataset...
2026-02-09 14:23:06 [DEBUG   ] EpsteinFetcher - 4. Verificando acceso a dataset...
2026-02-09 14:23:06 [INFO    ] EpsteinFetcher - 🎉 SESIÓN ESTABLECIDA CORRECTAMENTE
2026-02-09 14:23:06 [INFO    ] EpsteinFetcher - 🎉 SESIÓN ESTABLECIDA CORRECTAMENTE
2026-02-09 14:23:06 [INFO    ] EpsteinFetcher - 📋 Cookies activas finales: {'ak_bmsc': {'value': '4C8A2655A1B42B238029...', 'domain': '.justice.gov', 'path': '/'}, 'justiceGovAgeVerified': {'value': 'true', 'domain': '.justice.gov', 'path': '/'}, 'disclosures_accessed': {'value': 'true', 'domain': '.justice.gov', 'path': '/'}}
2026-02-09 14:23:06 [INFO    ] EpsteinFetcher - 📋 Cookies activas finales: {'ak_bmsc': {'value': '4C8A2655A1B42B238029...', 'domain': '.justice.gov', 'path': '/'}, 'justiceGovAgeVerified': {'value': 'true', 'domain': '.justice.gov', 'path': '/'}, 'disclosures_accessed': {'value': 'true', 'domain': '.justice.gov', 'path': '/'}}
2026-02-09 14:23:06 [INFO    ] EpsteinFetcher - 🍪 Cookies configuradas: ['ak_bmsc', 'justiceGovAgeVerified', 'disclosures_accessed', 'has_js']
2026-02-09 14:23:06 [INFO    ] EpsteinFetcher - 🍪 Cookies configuradas: ['ak_bmsc', 'justiceGovAgeVerified', 'disclosures_accessed', 'has_js']
2026-02-09 14:23:06 [INFO    ] EpsteinFetcher - ✅ Fetcher inicializado. Directorio: /data/downloads
2026-02-09 14:23:06 [INFO    ] EpsteinFetcher - ✅ Fetcher inicializado. Directorio: /data/downloads
2026-02-09 14:23:06 [INFO    ] EpsteinFetcher - 📊 Cookies activas: ['ak_bmsc', 'justiceGovAgeVerified', 'disclosures_accessed', 'has_js']
2026-02-09 14:23:06 [INFO    ] EpsteinFetcher - 📊 Cookies activas: ['ak_bmsc', 'justiceGovAgeVerified', 'disclosures_accessed', 'has_js']
2026-02-09 14:23:06 [INFO    ] EpsteinFetcher - 
======================================================================
2026-02-09 14:23:06 [INFO    ] EpsteinFetcher - 
======================================================================
2026-02-09 14:23:06 [INFO    ] EpsteinFetcher - 🚀 INICIANDO PIPELINE COMPLETO - SESIÓN ROBUSTA
2026-02-09 14:23:06 [INFO    ] EpsteinFetcher - 🚀 INICIANDO PIPELINE COMPLETO - SESIÓN ROBUSTA
2026-02-09 14:23:06 [INFO    ] EpsteinFetcher - ======================================================================
2026-02-09 14:23:06 [INFO    ] EpsteinFetcher - ======================================================================
2026-02-09 14:23:06 [INFO    ] EpsteinFetcher - 🔍 FASE 1: Descubriendo datasets 5-9
2026-02-09 14:23:06 [INFO    ] EpsteinFetcher - 🔍 FASE 1: Descubriendo datasets 5-9
2026-02-09 14:23:06 [INFO    ] EpsteinFetcher - 
============================================================
2026-02-09 14:23:06 [INFO    ] EpsteinFetcher - 
============================================================
2026-02-09 14:23:06 [INFO    ] EpsteinFetcher - 📂 PROCESANDO DATASET 5
2026-02-09 14:23:06 [INFO    ] EpsteinFetcher - 📂 PROCESANDO DATASET 5
2026-02-09 14:23:06 [INFO    ] EpsteinFetcher - ============================================================
2026-02-09 14:23:06 [INFO    ] EpsteinFetcher - ============================================================
2026-02-09 14:23:06 [INFO    ] EpsteinFetcher - 🔍 Explorando Dataset 5...
2026-02-09 14:23:06 [INFO    ] EpsteinFetcher - 🔍 Explorando Dataset 5...
2026-02-09 14:23:06 [DEBUG   ] EpsteinFetcher - URL inicial: https://www.justice.gov/epstein/doj-disclosures/data-set-5-files
2026-02-09 14:23:06 [DEBUG   ] EpsteinFetcher - URL inicial: https://www.justice.gov/epstein/doj-disclosures/data-set-5-files
2026-02-09 14:23:06 [INFO    ] EpsteinFetcher -   Página 1: 49 archivos nuevos
2026-02-09 14:23:06 [INFO    ] EpsteinFetcher -   Página 1: 49 archivos nuevos
2026-02-09 14:23:08 [WARNING ] EpsteinFetcher - HTTP 403 en https://www.justice.gov/epstein/doj-disclosures/data-set-5-files?page=2 (intento 1)
2026-02-09 14:23:08 [WARNING ] EpsteinFetcher - HTTP 403 en https://www.justice.gov/epstein/doj-disclosures/data-set-5-files?page=2 (intento 1)
2026-02-09 14:23:08 [DEBUG   ] EpsteinFetcher -   Reintento 2 para https://www.justice.gov/epstein/doj-disclosures/data-set-5-files?page=2, esperando 2.6s
2026-02-09 14:23:08 [DEBUG   ] EpsteinFetcher -   Reintento 2 para https://www.justice.gov/epstein/doj-disclosures/data-set-5-files?page=2, esperando 2.6s
2026-02-09 14:23:11 [WARNING ] EpsteinFetcher - HTTP 403 en https://www.justice.gov/epstein/doj-disclosures/data-set-5-files?page=2 (intento 2)
2026-02-09 14:23:11 [WARNING ] EpsteinFetcher - HTTP 403 en https://www.justice.gov/epstein/doj-disclosures/data-set-5-files?page=2 (intento 2)
2026-02-09 14:23:11 [WARNING ] EpsteinFetcher -   Página 2: No se pudo acceder
2026-02-09 14:23:11 [WARNING ] EpsteinFetcher -   Página 2: No se pudo acceder
2026-02-09 14:23:14 [DEBUG   ] EpsteinFetcher - 🔄 Refrescando sesión (1/5)
2026-02-09 14:23:14 [DEBUG   ] EpsteinFetcher - 🔄 Refrescando sesión (1/5)
2026-02-09 14:23:19 [DEBUG   ] EpsteinFetcher - ✅ Sesión refrescada
2026-02-09 14:23:19 [DEBUG   ] EpsteinFetcher - ✅ Sesión refrescada
2026-02-09 14:23:19 [WARNING ] EpsteinFetcher - HTTP 403 en https://www.justice.gov/epstein/doj-disclosures/data-set-5-files?page=3 (intento 1)
2026-02-09 14:23:19 [WARNING ] EpsteinFetcher - HTTP 403 en https://www.justice.gov/epstein/doj-disclosures/data-set-5-files?page=3 (intento 1)
2026-02-09 14:23:19 [DEBUG   ] EpsteinFetcher - 🔄 Refrescando sesión (2/5)
2026-02-09 14:23:19 [DEBUG   ] EpsteinFetcher - 🔄 Refrescando sesión (2/5)
2026-02-09 14:23:23 [DEBUG   ] EpsteinFetcher - ✅ Sesión refrescada
2026-02-09 14:23:23 [DEBUG   ] EpsteinFetcher - ✅ Sesión refrescada
2026-02-09 14:23:23 [DEBUG   ] EpsteinFetcher -   Reintento 2 para https://www.justice.gov/epstein/doj-disclosures/data-set-5-files?page=3, esperando 3.8s
2026-02-09 14:23:23 [DEBUG   ] EpsteinFetcher -   Reintento 2 para https://www.justice.gov/epstein/doj-disclosures/data-set-5-files?page=3, esperando 3.8s
2026-02-09 14:23:27 [INFO    ] EpsteinFetcher -   Página 3: 20 archivos nuevos
2026-02-09 14:23:27 [INFO    ] EpsteinFetcher -   Página 3: 20 archivos nuevos
2026-02-09 14:23:29 [WARNING ] EpsteinFetcher -   Página 4: 0 archivos nuevos
2026-02-09 14:23:29 [WARNING ] EpsteinFetcher -   Página 4: 0 archivos nuevos
2026-02-09 14:23:30 [WARNING ] EpsteinFetcher -   Página 5: 0 archivos nuevos
2026-02-09 14:23:30 [WARNING ] EpsteinFetcher -   Página 5: 0 archivos nuevos
2026-02-09 14:23:30 [INFO    ] EpsteinFetcher -   ⏹️ Deteniendo: 2 páginas sin archivos nuevos
2026-02-09 14:23:30 [INFO    ] EpsteinFetcher -   ⏹️ Deteniendo: 2 páginas sin archivos nuevos
2026-02-09 14:23:30 [INFO    ] EpsteinFetcher -   🔍 Validando 69 archivos...
2026-02-09 14:23:30 [INFO    ] EpsteinFetcher -   🔍 Validando 69 archivos...
2026-02-09 14:23:42 [INFO    ] EpsteinFetcher - ✅ Dataset 5: 69 archivos válidos de 69 encontrados
2026-02-09 14:23:42 [INFO    ] EpsteinFetcher - ✅ Dataset 5: 69 archivos válidos de 69 encontrados
2026-02-09 14:23:42 [INFO    ] EpsteinFetcher - ⏸️  Pausa de 4.9s...
2026-02-09 14:23:42 [INFO    ] EpsteinFetcher - ⏸️  Pausa de 4.9s...
2026-02-09 14:23:46 [INFO    ] EpsteinFetcher - 
============================================================
2026-02-09 14:23:46 [INFO    ] EpsteinFetcher - 
============================================================
2026-02-09 14:23:46 [INFO    ] EpsteinFetcher - 📂 PROCESANDO DATASET 6
2026-02-09 14:23:46 [INFO    ] EpsteinFetcher - 📂 PROCESANDO DATASET 6
2026-02-09 14:23:46 [INFO    ] EpsteinFetcher - ============================================================
2026-02-09 14:23:46 [INFO    ] EpsteinFetcher - ============================================================
2026-02-09 14:23:46 [INFO    ] EpsteinFetcher - 🔍 Explorando Dataset 6...
2026-02-09 14:23:46 [INFO    ] EpsteinFetcher - 🔍 Explorando Dataset 6...
2026-02-09 14:23:46 [DEBUG   ] EpsteinFetcher - URL inicial: https://www.justice.gov/epstein/doj-disclosures/data-set-6-files
2026-02-09 14:23:46 [DEBUG   ] EpsteinFetcher - URL inicial: https://www.justice.gov/epstein/doj-disclosures/data-set-6-files
2026-02-09 14:23:47 [INFO    ] EpsteinFetcher -   Página 1: 13 archivos nuevos
2026-02-09 14:23:47 [INFO    ] EpsteinFetcher -   Página 1: 13 archivos nuevos
2026-02-09 14:23:48 [WARNING ] EpsteinFetcher -   Página 2: 0 archivos nuevos
2026-02-09 14:23:48 [WARNING ] EpsteinFetcher -   Página 2: 0 archivos nuevos
2026-02-09 14:23:50 [DEBUG   ] EpsteinFetcher - 🔄 Refrescando sesión (3/5)
2026-02-09 14:23:50 [DEBUG   ] EpsteinFetcher - 🔄 Refrescando sesión (3/5)
2026-02-09 14:23:53 [DEBUG   ] EpsteinFetcher - ✅ Sesión refrescada
2026-02-09 14:23:53 [DEBUG   ] EpsteinFetcher - ✅ Sesión refrescada
2026-02-09 14:23:53 [WARNING ] EpsteinFetcher - HTTP 403 en https://www.justice.gov/epstein/doj-disclosures/data-set-6-files?page=3 (intento 1)
2026-02-09 14:23:53 [WARNING ] EpsteinFetcher - HTTP 403 en https://www.justice.gov/epstein/doj-disclosures/data-set-6-files?page=3 (intento 1)
2026-02-09 14:23:53 [DEBUG   ] EpsteinFetcher -   Reintento 2 para https://www.justice.gov/epstein/doj-disclosures/data-set-6-files?page=3, esperando 2.7s
2026-02-09 14:23:53 [DEBUG   ] EpsteinFetcher -   Reintento 2 para https://www.justice.gov/epstein/doj-disclosures/data-set-6-files?page=3, esperando 2.7s
2026-02-09 14:23:55 [WARNING ] EpsteinFetcher - HTTP 403 en https://www.justice.gov/epstein/doj-disclosures/data-set-6-files?page=3 (intento 2)
2026-02-09 14:23:55 [WARNING ] EpsteinFetcher - HTTP 403 en https://www.justice.gov/epstein/doj-disclosures/data-set-6-files?page=3 (intento 2)
2026-02-09 14:23:55 [WARNING ] EpsteinFetcher -   Página 3: No se pudo acceder
2026-02-09 14:23:55 [WARNING ] EpsteinFetcher -   Página 3: No se pudo acceder
2026-02-09 14:23:59 [INFO    ] EpsteinFetcher -   🔍 Validando 13 archivos...
2026-02-09 14:23:59 [INFO    ] EpsteinFetcher -   🔍 Validando 13 archivos...
2026-02-09 14:24:01 [INFO    ] EpsteinFetcher - ✅ Dataset 6: 13 archivos válidos de 13 encontrados
2026-02-09 14:24:01 [INFO    ] EpsteinFetcher - ✅ Dataset 6: 13 archivos válidos de 13 encontrados
2026-02-09 14:24:01 [INFO    ] EpsteinFetcher - ⏸️  Pausa de 4.7s...
2026-02-09 14:24:01 [INFO    ] EpsteinFetcher - ⏸️  Pausa de 4.7s...
2026-02-09 14:24:06 [INFO    ] EpsteinFetcher - 
============================================================
2026-02-09 14:24:06 [INFO    ] EpsteinFetcher - 
============================================================
2026-02-09 14:24:06 [INFO    ] EpsteinFetcher - 📂 PROCESANDO DATASET 7
2026-02-09 14:24:06 [INFO    ] EpsteinFetcher - 📂 PROCESANDO DATASET 7
2026-02-09 14:24:06 [INFO    ] EpsteinFetcher - ============================================================
2026-02-09 14:24:06 [INFO    ] EpsteinFetcher - ============================================================
2026-02-09 14:24:06 [INFO    ] EpsteinFetcher - 🔍 Explorando Dataset 7...
2026-02-09 14:24:06 [INFO    ] EpsteinFetcher - 🔍 Explorando Dataset 7...
2026-02-09 14:24:06 [DEBUG   ] EpsteinFetcher - URL inicial: https://www.justice.gov/epstein/doj-disclosures/data-set-7-files
2026-02-09 14:24:06 [DEBUG   ] EpsteinFetcher - URL inicial: https://www.justice.gov/epstein/doj-disclosures/data-set-7-files
2026-02-09 14:24:06 [INFO    ] EpsteinFetcher -   Página 1: 17 archivos nuevos
2026-02-09 14:24:06 [INFO    ] EpsteinFetcher -   Página 1: 17 archivos nuevos
2026-02-09 14:24:08 [WARNING ] EpsteinFetcher - HTTP 403 en https://www.justice.gov/epstein/doj-disclosures/data-set-7-files?page=2 (intento 1)
2026-02-09 14:24:08 [WARNING ] EpsteinFetcher - HTTP 403 en https://www.justice.gov/epstein/doj-disclosures/data-set-7-files?page=2 (intento 1)
2026-02-09 14:24:08 [DEBUG   ] EpsteinFetcher - 🔄 Refrescando sesión (4/5)
2026-02-09 14:24:08 [DEBUG   ] EpsteinFetcher - 🔄 Refrescando sesión (4/5)
