2026-02-09 13:50:52 - __main__ - INFO - ✅ Fetcher inicializado. Directorio base: /data/downloads
2026-02-09 13:50:52 - __main__ - INFO - 🚀 INICIANDO PIPELINE COMPLETO
2026-02-09 13:50:52 - __main__ - INFO - 📊 Parámetros: datasets 5-9, workers=10
2026-02-09 13:50:52 - __main__ - INFO - 🔍 Explorando Dataset 5 (paginación corregida)...
2026-02-09 13:50:53 - __main__ - INFO -   Página 1: 49 archivos NUEVOS encontrados
2026-02-09 13:50:53 - __main__ - INFO -   Página 2: 20 archivos NUEVOS encontrados
2026-02-09 13:50:54 - __main__ - WARNING - HTTP 403 en intento 1 para https://www.justice.gov/epstein/doj-disclosures/data-set-5-files?page=3
2026-02-09 13:50:57 - __main__ - WARNING - HTTP 403 en intento 2 para https://www.justice.gov/epstein/doj-disclosures/data-set-5-files?page=3
2026-02-09 13:51:01 - __main__ - WARNING -   Página 3: 0 archivos nuevos (posible fin de paginación)
2026-02-09 13:51:02 - __main__ - WARNING -   Página 4: 0 archivos nuevos (posible fin de paginación)
2026-02-09 13:51:02 - __main__ - INFO -   Deteniendo descubrimiento: 2 páginas sin archivos nuevos
2026-02-09 13:51:02 - __main__ - INFO -   Validando 69 archivos del dataset 5...
2026-02-09 13:51:10 - __main__ - INFO -   Validación completada: 69/69 archivos válidos
2026-02-09 13:51:10 - __main__ - INFO - ✅ Dataset 5: 69 archivos válidos y únicos
2026-02-09 13:51:10 - __main__ - INFO - ⏸️  Pausa de 1.8s...
2026-02-09 13:51:11 - __main__ - INFO - 🔍 Explorando Dataset 6 (paginación corregida)...
2026-02-09 13:51:12 - __main__ - INFO -   Página 1: 13 archivos NUEVOS encontrados
2026-02-09 13:51:12 - __main__ - WARNING - HTTP 403 en intento 1 para https://www.justice.gov/epstein/doj-disclosures/data-set-6-files?page=2
2026-02-09 13:51:14 - __main__ - WARNING -   Página 2: 0 archivos nuevos (posible fin de paginación)
2026-02-09 13:51:15 - __main__ - WARNING - HTTP 403 en intento 1 para https://www.justice.gov/epstein/doj-disclosures/data-set-6-files?page=3
2026-02-09 13:51:17 - __main__ - WARNING - HTTP 403 en intento 2 para https://www.justice.gov/epstein/doj-disclosures/data-set-6-files?page=3
2026-02-09 13:51:22 - __main__ - WARNING - HTTP 403 en intento 3 para https://www.justice.gov/epstein/doj-disclosures/data-set-6-files?page=3
2026-02-09 13:51:22 - __main__ - ERROR - Fallaron todos los intentos para https://www.justice.gov/epstein/doj-disclosures/data-set-6-files?page=3
2026-02-09 13:51:22 - __main__ - WARNING -   No se pudo acceder a página 3
2026-02-09 13:51:22 - __main__ - INFO -   Validando 13 archivos del dataset 6...
2026-02-09 13:51:23 - __main__ - INFO -   Validación completada: 13/13 archivos válidos
2026-02-09 13:51:23 - __main__ - INFO - ✅ Dataset 6: 13 archivos válidos y únicos
2026-02-09 13:51:23 - __main__ - INFO - ⏸️  Pausa de 2.6s...
2026-02-09 13:51:26 - __main__ - INFO - 🔍 Explorando Dataset 7 (paginación corregida)...
2026-02-09 13:51:26 - __main__ - INFO -   Página 1: 17 archivos NUEVOS encontrados
2026-02-09 13:51:27 - __main__ - WARNING -   Página 2: 0 archivos nuevos (posible fin de paginación)
2026-02-09 13:51:27 - __main__ - WARNING -   Página 3: 0 archivos nuevos (posible fin de paginación)
2026-02-09 13:51:27 - __main__ - INFO -   Deteniendo descubrimiento: 2 páginas sin archivos nuevos
2026-02-09 13:51:27 - __main__ - INFO -   Validando 17 archivos del dataset 7...
2026-02-09 13:51:29 - __main__ - INFO -   Validación completada: 17/17 archivos válidos
2026-02-09 13:51:29 - __main__ - INFO - ✅ Dataset 7: 17 archivos válidos y únicos
2026-02-09 13:51:29 - __main__ - INFO - ⏸️  Pausa de 2.6s...
2026-02-09 13:51:32 - __main__ - INFO - 🔍 Explorando Dataset 8 (paginación corregida)...
2026-02-09 13:51:32 - __main__ - INFO -   Página 1: 49 archivos NUEVOS encontrados
2026-02-09 13:51:32 - __main__ - INFO -   Página 2: 50 archivos NUEVOS encontrados
2026-02-09 13:51:33 - __main__ - WARNING - HTTP 403 en intento 1 para https://www.justice.gov/epstein/doj-disclosures/data-set-8-files?page=3
2026-02-09 13:51:35 - __main__ - WARNING - HTTP 403 en intento 2 para https://www.justice.gov/epstein/doj-disclosures/data-set-8-files?page=3
2026-02-09 13:51:40 - __main__ - INFO -   Página 3: 50 archivos NUEVOS encontrados
2026-02-09 13:51:41 - __main__ - WARNING - HTTP 403 en intento 1 para https://www.justice.gov/epstein/doj-disclosures/data-set-8-files?page=4
2026-02-09 13:51:43 - __main__ - WARNING - HTTP 403 en intento 2 para https://www.justice.gov/epstein/doj-disclosures/data-set-8-files?page=4
2026-02-09 13:51:48 - __main__ - WARNING - HTTP 403 en intento 3 para https://www.justice.gov/epstein/doj-disclosures/data-set-8-files?page=4
2026-02-09 13:51:48 - __main__ - ERROR - Fallaron todos los intentos para https://www.justice.gov/epstein/doj-disclosures/data-set-8-files?page=4
2026-02-09 13:51:48 - __main__ - WARNING -   No se pudo acceder a página 4
2026-02-09 13:51:48 - __main__ - WARNING - HTTP 403 en intento 1 para https://www.justice.gov/epstein/doj-disclosures/data-set-8-files?page=5
2026-02-09 13:51:50 - __main__ - WARNING - HTTP 403 en intento 2 para https://www.justice.gov/epstein/doj-disclosures/data-set-8-files?page=5
2026-02-09 13:51:56 - __main__ - WARNING - HTTP 403 en intento 3 para https://www.justice.gov/epstein/doj-disclosures/data-set-8-files?page=5
2026-02-09 13:51:56 - __main__ - ERROR - Fallaron todos los intentos para https://www.justice.gov/epstein/doj-disclosures/data-set-8-files?page=5
2026-02-09 13:51:56 - __main__ - WARNING -   No se pudo acceder a página 5
2026-02-09 13:51:56 - __main__ - INFO -   Validando 149 archivos del dataset 8...
2026-02-09 13:52:13 - __main__ - INFO -   Validación completada: 149/149 archivos válidos
2026-02-09 13:52:13 - __main__ - INFO - ✅ Dataset 8: 149 archivos válidos y únicos
2026-02-09 13:52:13 - __main__ - INFO - ⏸️  Pausa de 1.9s...
2026-02-09 13:52:15 - __main__ - INFO - 🔍 Explorando Dataset 9 (paginación corregida)...
2026-02-09 13:52:15 - __main__ - INFO -   Página 1: 50 archivos NUEVOS encontrados
2026-02-09 13:52:16 - __main__ - WARNING - HTTP 403 en intento 1 para https://www.justice.gov/epstein/doj-disclosures/data-set-9-files?page=2
2026-02-09 13:52:18 - __main__ - INFO -   Página 2: 50 archivos NUEVOS encontrados
2026-02-09 13:52:19 - __main__ - WARNING - HTTP 403 en intento 1 para https://www.justice.gov/epstein/doj-disclosures/data-set-9-files?page=3
2026-02-09 13:52:22 - __main__ - WARNING - HTTP 403 en intento 2 para https://www.justice.gov/epstein/doj-disclosures/data-set-9-files?page=3
2026-02-09 13:52:26 - __main__ - WARNING - HTTP 403 en intento 3 para https://www.justice.gov/epstein/doj-disclosures/data-set-9-files?page=3
2026-02-09 13:52:26 - __main__ - ERROR - Fallaron todos los intentos para https://www.justice.gov/epstein/doj-disclosures/data-set-9-files?page=3
2026-02-09 13:52:26 - __main__ - WARNING -   No se pudo acceder a página 3
2026-02-09 13:52:27 - __main__ - WARNING - HTTP 403 en intento 1 para https://www.justice.gov/epstein/doj-disclosures/data-set-9-files?page=4
2026-02-09 13:52:30 - __main__ - WARNING - HTTP 403 en intento 2 para https://www.justice.gov/epstein/doj-disclosures/data-set-9-files?page=4
2026-02-09 13:52:35 - __main__ - INFO -   Página 4: 50 archivos NUEVOS encontrados
2026-02-09 13:52:35 - __main__ - WARNING - HTTP 403 en intento 1 para https://www.justice.gov/epstein/doj-disclosures/data-set-9-files?page=5
2026-02-09 13:52:38 - __main__ - WARNING - HTTP 403 en intento 2 para https://www.justice.gov/epstein/doj-disclosures/data-set-9-files?page=5
2026-02-09 13:52:42 - __main__ - WARNING - HTTP 403 en intento 3 para https://www.justice.gov/epstein/doj-disclosures/data-set-9-files?page=5
2026-02-09 13:52:42 - __main__ - ERROR - Fallaron todos los intentos para https://www.justice.gov/epstein/doj-disclosures/data-set-9-files?page=5
2026-02-09 13:52:42 - __main__ - WARNING -   No se pudo acceder a página 5
2026-02-09 13:52:42 - __main__ - WARNING - HTTP 403 en intento 1 para https://www.justice.gov/epstein/doj-disclosures/data-set-9-files?page=6
2026-02-09 13:52:46 - __main__ - WARNING - HTTP 403 en intento 2 para https://www.justice.gov/epstein/doj-disclosures/data-set-9-files?page=6
2026-02-09 13:52:50 - __main__ - WARNING - HTTP 403 en intento 3 para https://www.justice.gov/epstein/doj-disclosures/data-set-9-files?page=6
2026-02-09 13:52:50 - __main__ - ERROR - Fallaron todos los intentos para https://www.justice.gov/epstein/doj-disclosures/data-set-9-files?page=6
2026-02-09 13:52:50 - __main__ - WARNING -   No se pudo acceder a página 6
2026-02-09 13:52:50 - __main__ - INFO -   Validando 150 archivos del dataset 9...
2026-02-09 13:53:07 - __main__ - INFO -   Validación completada: 150/150 archivos válidos
2026-02-09 13:53:07 - __main__ - INFO - ✅ Dataset 9: 150 archivos válidos y únicos
2026-02-09 13:53:07 - __main__ - INFO - 📊 Descubrimiento completado: 398 archivos en 5 datasets
2026-02-09 13:53:07 - __main__ - INFO - 💾 Metadata guardada en: /data/downloads/metadata/discovery_20260209_135307.json
2026-02-09 13:53:07 - __main__ - INFO - 🎯 Total archivos a procesar: 398
2026-02-09 13:53:07 - __main__ - INFO - ⏹️  Modo solo descubrimiento - deteniendo
