2026-02-09 14:46:00 [INFO    ] EpsteinFetcher - 🚀 Inicializando fetcher...
2026-02-09 14:46:00 [INFO    ] EpsteinFetcher - 🚀 Inicializando fetcher...
2026-02-09 14:46:00 [INFO    ] EpsteinFetcher - 📦 Cache cargado: 1096 entradas
2026-02-09 14:46:00 [INFO    ] EpsteinFetcher - 📦 Cache cargado: 1096 entradas
2026-02-09 14:46:00 [INFO    ] EpsteinFetcher - 🔄 Estableciendo sesión robusta...
2026-02-09 14:46:00 [INFO    ] EpsteinFetcher - 🔄 Estableciendo sesión robusta...
2026-02-09 14:46:06 [INFO    ] EpsteinFetcher - 🎉 SESIÓN ESTABLECIDA CORRECTAMENTE
2026-02-09 14:46:06 [INFO    ] EpsteinFetcher - 🎉 SESIÓN ESTABLECIDA CORRECTAMENTE
2026-02-09 14:46:06 [INFO    ] EpsteinFetcher - 📋 Cookies activas finales: {'ak_bmsc': {'value': '1112C57A5B895801977D...', 'domain': '.justice.gov', 'path': '/'}, 'justiceGovAgeVerified': {'value': 'true', 'domain': '.justice.gov', 'path': '/'}, 'disclosures_accessed': {'value': 'true', 'domain': '.justice.gov', 'path': '/'}}
2026-02-09 14:46:06 [INFO    ] EpsteinFetcher - 📋 Cookies activas finales: {'ak_bmsc': {'value': '1112C57A5B895801977D...', 'domain': '.justice.gov', 'path': '/'}, 'justiceGovAgeVerified': {'value': 'true', 'domain': '.justice.gov', 'path': '/'}, 'disclosures_accessed': {'value': 'true', 'domain': '.justice.gov', 'path': '/'}}
2026-02-09 14:46:06 [INFO    ] EpsteinFetcher - 🍪 Cookies configuradas: ['ak_bmsc', 'justiceGovAgeVerified', 'disclosures_accessed', 'has_js']
2026-02-09 14:46:06 [INFO    ] EpsteinFetcher - 🍪 Cookies configuradas: ['ak_bmsc', 'justiceGovAgeVerified', 'disclosures_accessed', 'has_js']
2026-02-09 14:46:06 [INFO    ] EpsteinFetcher - ✅ Fetcher inicializado. Directorio: /data/downloads
2026-02-09 14:46:06 [INFO    ] EpsteinFetcher - ✅ Fetcher inicializado. Directorio: /data/downloads
2026-02-09 14:46:06 [INFO    ] EpsteinFetcher - 📊 Cookies activas: ['ak_bmsc', 'justiceGovAgeVerified', 'disclosures_accessed', 'has_js']
2026-02-09 14:46:06 [INFO    ] EpsteinFetcher - 📊 Cookies activas: ['ak_bmsc', 'justiceGovAgeVerified', 'disclosures_accessed', 'has_js']
2026-02-09 14:46:06 [INFO    ] EpsteinFetcher - 
======================================================================
2026-02-09 14:46:06 [INFO    ] EpsteinFetcher - 
======================================================================
2026-02-09 14:46:06 [INFO    ] EpsteinFetcher - 🚀 INICIANDO PIPELINE COMPLETO - SESIÓN ROBUSTA
2026-02-09 14:46:06 [INFO    ] EpsteinFetcher - 🚀 INICIANDO PIPELINE COMPLETO - SESIÓN ROBUSTA
2026-02-09 14:46:06 [INFO    ] EpsteinFetcher - ======================================================================
2026-02-09 14:46:06 [INFO    ] EpsteinFetcher - ======================================================================
2026-02-09 14:46:06 [INFO    ] EpsteinFetcher - 🔍 FASE 1: Descubriendo datasets 5-9
2026-02-09 14:46:06 [INFO    ] EpsteinFetcher - 🔍 FASE 1: Descubriendo datasets 5-9
2026-02-09 14:46:06 [INFO    ] EpsteinFetcher - 
============================================================
2026-02-09 14:46:06 [INFO    ] EpsteinFetcher - 
============================================================
2026-02-09 14:46:06 [INFO    ] EpsteinFetcher - 📂 PROCESANDO DATASET 5
2026-02-09 14:46:06 [INFO    ] EpsteinFetcher - 📂 PROCESANDO DATASET 5
2026-02-09 14:46:06 [INFO    ] EpsteinFetcher - ============================================================
2026-02-09 14:46:06 [INFO    ] EpsteinFetcher - ============================================================
2026-02-09 14:46:06 [INFO    ] EpsteinFetcher - 🔍 Explorando Dataset 5...
2026-02-09 14:46:06 [INFO    ] EpsteinFetcher - 🔍 Explorando Dataset 5...
2026-02-09 14:46:06 [INFO    ] EpsteinFetcher -   Página 1: 49 archivos nuevos
2026-02-09 14:46:06 [INFO    ] EpsteinFetcher -   Página 1: 49 archivos nuevos
2026-02-09 14:46:07 [WARNING ] EpsteinFetcher - HTTP 403 en https://www.justice.gov/epstein/doj-disclosures/data-set-5-files?page=2 (intento 1)
2026-02-09 14:46:07 [WARNING ] EpsteinFetcher - HTTP 403 en https://www.justice.gov/epstein/doj-disclosures/data-set-5-files?page=2 (intento 1)
2026-02-09 14:46:11 [WARNING ] EpsteinFetcher - HTTP 403 en https://www.justice.gov/epstein/doj-disclosures/data-set-5-files?page=2 (intento 2)
2026-02-09 14:46:11 [WARNING ] EpsteinFetcher - HTTP 403 en https://www.justice.gov/epstein/doj-disclosures/data-set-5-files?page=2 (intento 2)
2026-02-09 14:46:11 [WARNING ] EpsteinFetcher -   Página 2: No se pudo acceder
2026-02-09 14:46:11 [WARNING ] EpsteinFetcher -   Página 2: No se pudo acceder
2026-02-09 14:46:18 [WARNING ] EpsteinFetcher - HTTP 403 en https://www.justice.gov/epstein/doj-disclosures/data-set-5-files?page=3 (intento 1)
2026-02-09 14:46:18 [WARNING ] EpsteinFetcher - HTTP 403 en https://www.justice.gov/epstein/doj-disclosures/data-set-5-files?page=3 (intento 1)
2026-02-09 14:46:25 [WARNING ] EpsteinFetcher - HTTP 403 en https://www.justice.gov/epstein/doj-disclosures/data-set-5-files?page=3 (intento 2)
2026-02-09 14:46:25 [WARNING ] EpsteinFetcher - HTTP 403 en https://www.justice.gov/epstein/doj-disclosures/data-set-5-files?page=3 (intento 2)
2026-02-09 14:46:25 [WARNING ] EpsteinFetcher -   Página 3: No se pudo acceder
2026-02-09 14:46:25 [WARNING ] EpsteinFetcher -   Página 3: No se pudo acceder
2026-02-09 14:46:27 [INFO    ] EpsteinFetcher -   🔍 Validando 49 archivos...
2026-02-09 14:46:27 [INFO    ] EpsteinFetcher -   🔍 Validando 49 archivos...
2026-02-09 14:46:36 [INFO    ] EpsteinFetcher - ✅ Dataset 5: 49 archivos válidos de 49 encontrados
2026-02-09 14:46:36 [INFO    ] EpsteinFetcher - ✅ Dataset 5: 49 archivos válidos de 49 encontrados
2026-02-09 14:46:36 [INFO    ] EpsteinFetcher - ⏸️  Pausa de 4.1s...
2026-02-09 14:46:36 [INFO    ] EpsteinFetcher - ⏸️  Pausa de 4.1s...
2026-02-09 14:46:40 [INFO    ] EpsteinFetcher - 
============================================================
2026-02-09 14:46:40 [INFO    ] EpsteinFetcher - 
============================================================
2026-02-09 14:46:40 [INFO    ] EpsteinFetcher - 📂 PROCESANDO DATASET 6
2026-02-09 14:46:40 [INFO    ] EpsteinFetcher - 📂 PROCESANDO DATASET 6
2026-02-09 14:46:40 [INFO    ] EpsteinFetcher - ============================================================
2026-02-09 14:46:40 [INFO    ] EpsteinFetcher - ============================================================
2026-02-09 14:46:40 [INFO    ] EpsteinFetcher - 🔍 Explorando Dataset 6...
2026-02-09 14:46:40 [INFO    ] EpsteinFetcher - 🔍 Explorando Dataset 6...
2026-02-09 14:46:40 [INFO    ] EpsteinFetcher -   Página 1: 13 archivos nuevos
2026-02-09 14:46:40 [INFO    ] EpsteinFetcher -   Página 1: 13 archivos nuevos
2026-02-09 14:46:41 [WARNING ] EpsteinFetcher - HTTP 403 en https://www.justice.gov/epstein/doj-disclosures/data-set-6-files?page=2 (intento 1)
2026-02-09 14:46:41 [WARNING ] EpsteinFetcher - HTTP 403 en https://www.justice.gov/epstein/doj-disclosures/data-set-6-files?page=2 (intento 1)
2026-02-09 14:46:45 [WARNING ] EpsteinFetcher - HTTP 403 en https://www.justice.gov/epstein/doj-disclosures/data-set-6-files?page=2 (intento 2)
2026-02-09 14:46:45 [WARNING ] EpsteinFetcher - HTTP 403 en https://www.justice.gov/epstein/doj-disclosures/data-set-6-files?page=2 (intento 2)
2026-02-09 14:46:45 [WARNING ] EpsteinFetcher -   Página 2: No se pudo acceder
2026-02-09 14:46:45 [WARNING ] EpsteinFetcher -   Página 2: No se pudo acceder
2026-02-09 14:46:53 [WARNING ] EpsteinFetcher -   Página 3: 0 archivos nuevos
2026-02-09 14:46:53 [WARNING ] EpsteinFetcher -   Página 3: 0 archivos nuevos
2026-02-09 14:46:53 [INFO    ] EpsteinFetcher -   ⏹️ Deteniendo: 2 páginas sin archivos nuevos
2026-02-09 14:46:53 [INFO    ] EpsteinFetcher -   ⏹️ Deteniendo: 2 páginas sin archivos nuevos
2026-02-09 14:46:53 [INFO    ] EpsteinFetcher -   🔍 Validando 13 archivos...
2026-02-09 14:46:53 [INFO    ] EpsteinFetcher -   🔍 Validando 13 archivos...
2026-02-09 14:46:56 [INFO    ] EpsteinFetcher - ✅ Dataset 6: 13 archivos válidos de 13 encontrados
2026-02-09 14:46:56 [INFO    ] EpsteinFetcher - ✅ Dataset 6: 13 archivos válidos de 13 encontrados
2026-02-09 14:46:56 [INFO    ] EpsteinFetcher - ⏸️  Pausa de 4.9s...
2026-02-09 14:46:56 [INFO    ] EpsteinFetcher - ⏸️  Pausa de 4.9s...
2026-02-09 14:47:00 [INFO    ] EpsteinFetcher - 
============================================================
2026-02-09 14:47:00 [INFO    ] EpsteinFetcher - 
============================================================
2026-02-09 14:47:00 [INFO    ] EpsteinFetcher - 📂 PROCESANDO DATASET 7
2026-02-09 14:47:00 [INFO    ] EpsteinFetcher - 📂 PROCESANDO DATASET 7
2026-02-09 14:47:00 [INFO    ] EpsteinFetcher - ============================================================
2026-02-09 14:47:00 [INFO    ] EpsteinFetcher - ============================================================
2026-02-09 14:47:00 [INFO    ] EpsteinFetcher - 🔍 Explorando Dataset 7...
2026-02-09 14:47:00 [INFO    ] EpsteinFetcher - 🔍 Explorando Dataset 7...
2026-02-09 14:47:00 [INFO    ] EpsteinFetcher -   Página 1: 17 archivos nuevos
2026-02-09 14:47:00 [INFO    ] EpsteinFetcher -   Página 1: 17 archivos nuevos
2026-02-09 14:47:02 [WARNING ] EpsteinFetcher - HTTP 403 en https://www.justice.gov/epstein/doj-disclosures/data-set-7-files?page=2 (intento 1)
2026-02-09 14:47:02 [WARNING ] EpsteinFetcher - HTTP 403 en https://www.justice.gov/epstein/doj-disclosures/data-set-7-files?page=2 (intento 1)
2026-02-09 14:47:05 [WARNING ] EpsteinFetcher - HTTP 403 en https://www.justice.gov/epstein/doj-disclosures/data-set-7-files?page=2 (intento 2)
2026-02-09 14:47:05 [WARNING ] EpsteinFetcher - HTTP 403 en https://www.justice.gov/epstein/doj-disclosures/data-set-7-files?page=2 (intento 2)
2026-02-09 14:47:05 [WARNING ] EpsteinFetcher -   Página 2: No se pudo acceder
2026-02-09 14:47:05 [WARNING ] EpsteinFetcher -   Página 2: No se pudo acceder
2026-02-09 14:47:11 [WARNING ] EpsteinFetcher -   Página 3: 0 archivos nuevos
2026-02-09 14:47:11 [WARNING ] EpsteinFetcher -   Página 3: 0 archivos nuevos
2026-02-09 14:47:11 [INFO    ] EpsteinFetcher -   ⏹️ Deteniendo: 2 páginas sin archivos nuevos
2026-02-09 14:47:11 [INFO    ] EpsteinFetcher -   ⏹️ Deteniendo: 2 páginas sin archivos nuevos
2026-02-09 14:47:11 [INFO    ] EpsteinFetcher -   🔍 Validando 17 archivos...
2026-02-09 14:47:11 [INFO    ] EpsteinFetcher -   🔍 Validando 17 archivos...
2026-02-09 14:47:13 [INFO    ] EpsteinFetcher - ✅ Dataset 7: 17 archivos válidos de 17 encontrados
2026-02-09 14:47:13 [INFO    ] EpsteinFetcher - ✅ Dataset 7: 17 archivos válidos de 17 encontrados
2026-02-09 14:47:13 [INFO    ] EpsteinFetcher - ⏸️  Pausa de 4.8s...
2026-02-09 14:47:13 [INFO    ] EpsteinFetcher - ⏸️  Pausa de 4.8s...
2026-02-09 14:47:18 [INFO    ] EpsteinFetcher - 
============================================================
2026-02-09 14:47:18 [INFO    ] EpsteinFetcher - 
============================================================
2026-02-09 14:47:18 [INFO    ] EpsteinFetcher - 📂 PROCESANDO DATASET 8
2026-02-09 14:47:18 [INFO    ] EpsteinFetcher - 📂 PROCESANDO DATASET 8
2026-02-09 14:47:18 [INFO    ] EpsteinFetcher - ============================================================
2026-02-09 14:47:18 [INFO    ] EpsteinFetcher - ============================================================
2026-02-09 14:47:18 [INFO    ] EpsteinFetcher - 🔍 Explorando Dataset 8...
2026-02-09 14:47:18 [INFO    ] EpsteinFetcher - 🔍 Explorando Dataset 8...
2026-02-09 14:47:18 [INFO    ] EpsteinFetcher -   Página 1: 49 archivos nuevos
2026-02-09 14:47:18 [INFO    ] EpsteinFetcher -   Página 1: 49 archivos nuevos
2026-02-09 14:47:19 [INFO    ] EpsteinFetcher -   Página 2: 50 archivos nuevos
2026-02-09 14:47:19 [INFO    ] EpsteinFetcher -   Página 2: 50 archivos nuevos
2026-02-09 14:47:25 [INFO    ] EpsteinFetcher -   Página 3: 50 archivos nuevos
2026-02-09 14:47:25 [INFO    ] EpsteinFetcher -   Página 3: 50 archivos nuevos
2026-02-09 14:47:27 [INFO    ] EpsteinFetcher -   Página 4: 50 archivos nuevos
2026-02-09 14:47:27 [INFO    ] EpsteinFetcher -   Página 4: 50 archivos nuevos
2026-02-09 14:47:28 [INFO    ] EpsteinFetcher -   Página 5: 49 archivos nuevos
2026-02-09 14:47:28 [INFO    ] EpsteinFetcher -   Página 5: 49 archivos nuevos
2026-02-09 14:47:29 [WARNING ] EpsteinFetcher - Límite de refrescos de sesión alcanzado
2026-02-09 14:47:29 [WARNING ] EpsteinFetcher - Límite de refrescos de sesión alcanzado
2026-02-09 14:47:29 [INFO    ] EpsteinFetcher -   Página 6: 50 archivos nuevos
2026-02-09 14:47:29 [INFO    ] EpsteinFetcher -   Página 6: 50 archivos nuevos
2026-02-09 14:47:31 [INFO    ] EpsteinFetcher -   Página 7: 50 archivos nuevos
2026-02-09 14:47:31 [INFO    ] EpsteinFetcher -   Página 7: 50 archivos nuevos
2026-02-09 14:47:32 [WARNING ] EpsteinFetcher - HTTP 403 en https://www.justice.gov/epstein/doj-disclosures/data-set-8-files?page=8 (intento 1)
2026-02-09 14:47:32 [WARNING ] EpsteinFetcher - HTTP 403 en https://www.justice.gov/epstein/doj-disclosures/data-set-8-files?page=8 (intento 1)
2026-02-09 14:47:32 [WARNING ] EpsteinFetcher - Límite de refrescos de sesión alcanzado
2026-02-09 14:47:32 [WARNING ] EpsteinFetcher - Límite de refrescos de sesión alcanzado
2026-02-09 14:47:35 [WARNING ] EpsteinFetcher - HTTP 403 en https://www.justice.gov/epstein/doj-disclosures/data-set-8-files?page=8 (intento 2)
2026-02-09 14:47:35 [WARNING ] EpsteinFetcher - HTTP 403 en https://www.justice.gov/epstein/doj-disclosures/data-set-8-files?page=8 (intento 2)
2026-02-09 14:47:35 [WARNING ] EpsteinFetcher -   Página 8: No se pudo acceder
2026-02-09 14:47:35 [WARNING ] EpsteinFetcher -   Página 8: No se pudo acceder
2026-02-09 14:47:38 [WARNING ] EpsteinFetcher - Límite de refrescos de sesión alcanzado
2026-02-09 14:47:38 [WARNING ] EpsteinFetcher - Límite de refrescos de sesión alcanzado
2026-02-09 14:47:38 [WARNING ] EpsteinFetcher - HTTP 403 en https://www.justice.gov/epstein/doj-disclosures/data-set-8-files?page=9 (intento 1)
2026-02-09 14:47:38 [WARNING ] EpsteinFetcher - HTTP 403 en https://www.justice.gov/epstein/doj-disclosures/data-set-8-files?page=9 (intento 1)
2026-02-09 14:47:41 [WARNING ] EpsteinFetcher - HTTP 403 en https://www.justice.gov/epstein/doj-disclosures/data-set-8-files?page=9 (intento 2)
2026-02-09 14:47:41 [WARNING ] EpsteinFetcher - HTTP 403 en https://www.justice.gov/epstein/doj-disclosures/data-set-8-files?page=9 (intento 2)
2026-02-09 14:47:41 [WARNING ] EpsteinFetcher -   Página 9: No se pudo acceder
2026-02-09 14:47:41 [WARNING ] EpsteinFetcher -   Página 9: No se pudo acceder
2026-02-09 14:47:44 [INFO    ] EpsteinFetcher -   🔍 Validando 348 archivos...
2026-02-09 14:47:44 [INFO    ] EpsteinFetcher -   🔍 Validando 348 archivos...
2026-02-09 14:48:40 [INFO    ] EpsteinFetcher - ✅ Dataset 8: 348 archivos válidos de 348 encontrados
2026-02-09 14:48:40 [INFO    ] EpsteinFetcher - ✅ Dataset 8: 348 archivos válidos de 348 encontrados
2026-02-09 14:48:40 [INFO    ] EpsteinFetcher - ⏸️  Pausa de 4.9s...
2026-02-09 14:48:40 [INFO    ] EpsteinFetcher - ⏸️  Pausa de 4.9s...
2026-02-09 14:48:45 [INFO    ] EpsteinFetcher - 
============================================================
2026-02-09 14:48:45 [INFO    ] EpsteinFetcher - 
============================================================
2026-02-09 14:48:45 [INFO    ] EpsteinFetcher - 📂 PROCESANDO DATASET 9
2026-02-09 14:48:45 [INFO    ] EpsteinFetcher - 📂 PROCESANDO DATASET 9
2026-02-09 14:48:45 [INFO    ] EpsteinFetcher - ============================================================
2026-02-09 14:48:45 [INFO    ] EpsteinFetcher - ============================================================
2026-02-09 14:48:45 [INFO    ] EpsteinFetcher - 🔍 Explorando Dataset 9...
2026-02-09 14:48:45 [INFO    ] EpsteinFetcher - 🔍 Explorando Dataset 9...
2026-02-09 14:48:45 [INFO    ] EpsteinFetcher -   Página 1: 50 archivos nuevos
2026-02-09 14:48:45 [INFO    ] EpsteinFetcher -   Página 1: 50 archivos nuevos
2026-02-09 14:48:47 [WARNING ] EpsteinFetcher - HTTP 403 en https://www.justice.gov/epstein/doj-disclosures/data-set-9-files?page=2 (intento 1)
2026-02-09 14:48:47 [WARNING ] EpsteinFetcher - HTTP 403 en https://www.justice.gov/epstein/doj-disclosures/data-set-9-files?page=2 (intento 1)
2026-02-09 14:48:50 [INFO    ] EpsteinFetcher -   Página 2: 50 archivos nuevos
2026-02-09 14:48:50 [INFO    ] EpsteinFetcher -   Página 2: 50 archivos nuevos
2026-02-09 14:48:51 [WARNING ] EpsteinFetcher - Límite de refrescos de sesión alcanzado
2026-02-09 14:48:51 [WARNING ] EpsteinFetcher - Límite de refrescos de sesión alcanzado
2026-02-09 14:48:51 [INFO    ] EpsteinFetcher -   Página 3: 50 archivos nuevos
2026-02-09 14:48:51 [INFO    ] EpsteinFetcher -   Página 3: 50 archivos nuevos
2026-02-09 14:48:52 [INFO    ] EpsteinFetcher -   Página 4: 50 archivos nuevos
2026-02-09 14:48:52 [INFO    ] EpsteinFetcher -   Página 4: 50 archivos nuevos
2026-02-09 14:48:54 [INFO    ] EpsteinFetcher -   Página 5: 50 archivos nuevos
2026-02-09 14:48:54 [INFO    ] EpsteinFetcher -   Página 5: 50 archivos nuevos
2026-02-09 14:48:56 [WARNING ] EpsteinFetcher - Límite de refrescos de sesión alcanzado
2026-02-09 14:48:56 [WARNING ] EpsteinFetcher - Límite de refrescos de sesión alcanzado
2026-02-09 14:48:56 [INFO    ] EpsteinFetcher -   Página 6: 50 archivos nuevos
2026-02-09 14:48:56 [INFO    ] EpsteinFetcher -   Página 6: 50 archivos nuevos
2026-02-09 14:48:57 [INFO    ] EpsteinFetcher -   Página 7: 50 archivos nuevos
2026-02-09 14:48:57 [INFO    ] EpsteinFetcher -   Página 7: 50 archivos nuevos
2026-02-09 14:48:59 [WARNING ] EpsteinFetcher - HTTP 403 en https://www.justice.gov/epstein/doj-disclosures/data-set-9-files?page=8 (intento 1)
2026-02-09 14:48:59 [WARNING ] EpsteinFetcher - HTTP 403 en https://www.justice.gov/epstein/doj-disclosures/data-set-9-files?page=8 (intento 1)
2026-02-09 14:49:02 [INFO    ] EpsteinFetcher -   Página 8: 50 archivos nuevos
2026-02-09 14:49:02 [INFO    ] EpsteinFetcher -   Página 8: 50 archivos nuevos
2026-02-09 14:49:03 [WARNING ] EpsteinFetcher - Límite de refrescos de sesión alcanzado
2026-02-09 14:49:03 [WARNING ] EpsteinFetcher - Límite de refrescos de sesión alcanzado
2026-02-09 14:49:03 [INFO    ] EpsteinFetcher -   Página 9: 50 archivos nuevos
2026-02-09 14:49:03 [INFO    ] EpsteinFetcher -   Página 9: 50 archivos nuevos
2026-02-09 14:49:04 [WARNING ] EpsteinFetcher - HTTP 403 en https://www.justice.gov/epstein/doj-disclosures/data-set-9-files?page=10 (intento 1)
2026-02-09 14:49:04 [WARNING ] EpsteinFetcher - HTTP 403 en https://www.justice.gov/epstein/doj-disclosures/data-set-9-files?page=10 (intento 1)
2026-02-09 14:49:04 [WARNING ] EpsteinFetcher - Límite de refrescos de sesión alcanzado
2026-02-09 14:49:04 [WARNING ] EpsteinFetcher - Límite de refrescos de sesión alcanzado
2026-02-09 14:49:07 [WARNING ] EpsteinFetcher - HTTP 403 en https://www.justice.gov/epstein/doj-disclosures/data-set-9-files?page=10 (intento 2)
2026-02-09 14:49:07 [WARNING ] EpsteinFetcher - HTTP 403 en https://www.justice.gov/epstein/doj-disclosures/data-set-9-files?page=10 (intento 2)
2026-02-09 14:49:07 [WARNING ] EpsteinFetcher -   Página 10: No se pudo acceder
2026-02-09 14:49:07 [WARNING ] EpsteinFetcher -   Página 10: No se pudo acceder
2026-02-09 14:49:11 [INFO    ] EpsteinFetcher -   🔍 Validando 450 archivos...
2026-02-09 14:49:11 [INFO    ] EpsteinFetcher -   🔍 Validando 450 archivos...
2026-02-09 14:50:32 [INFO    ] EpsteinFetcher - ✅ Dataset 9: 440 archivos válidos de 450 encontrados
2026-02-09 14:50:32 [INFO    ] EpsteinFetcher - ✅ Dataset 9: 440 archivos válidos de 450 encontrados
2026-02-09 14:50:32 [INFO    ] EpsteinFetcher - 
📊 Descubrimiento completado: 867 archivos en 5 datasets
2026-02-09 14:50:32 [INFO    ] EpsteinFetcher - 
📊 Descubrimiento completado: 867 archivos en 5 datasets
2026-02-09 14:50:32 [ERROR   ] EpsteinFetcher - ❌ Error fatal en pipeline: Object of type datetime is not JSON serializable
Traceback (most recent call last):
  File "/app/main_v3.py", line 1200, in main
    results = fetcher.run_pipeline(
              ^^^^^^^^^^^^^^^^^^^^^
  File "/app/main_v3.py", line 996, in run_pipeline
    all_files = self.discover_all_datasets(start_dataset, end_dataset)
                ^^^^^^^^^^^^^^^^^^^^^^^^^^^^^^^^^^^^^^^^^^^^^^^^^^^^^^
  File "/app/main_v3.py", line 952, in discover_all_datasets
    self._save_discovery_metadata(all_files)
  File "/app/main_v3.py", line 978, in _save_discovery_metadata
    json.dump(metadata, f, indent=2, ensure_ascii=False)
  File "/usr/local/lib/python3.12/json/__init__.py", line 179, in dump
    for chunk in iterable:
                 ^^^^^^^^
  File "/usr/local/lib/python3.12/json/encoder.py", line 432, in _iterencode
    yield from _iterencode_dict(o, _current_indent_level)
  File "/usr/local/lib/python3.12/json/encoder.py", line 406, in _iterencode_dict
    yield from chunks
  File "/usr/local/lib/python3.12/json/encoder.py", line 406, in _iterencode_dict
    yield from chunks
  File "/usr/local/lib/python3.12/json/encoder.py", line 439, in _iterencode
    o = _default(o)
        ^^^^^^^^^^^
  File "/usr/local/lib/python3.12/json/encoder.py", line 180, in default
    raise TypeError(f'Object of type {o.__class__.__name__} '
TypeError: Object of type datetime is not JSON serializable
2026-02-09 14:50:32 [ERROR   ] EpsteinFetcher - ❌ Error fatal en pipeline: Object of type datetime is not JSON serializable
Traceback (most recent call last):
  File "/app/main_v3.py", line 1200, in main
    results = fetcher.run_pipeline(
              ^^^^^^^^^^^^^^^^^^^^^
  File "/app/main_v3.py", line 996, in run_pipeline
    all_files = self.discover_all_datasets(start_dataset, end_dataset)
                ^^^^^^^^^^^^^^^^^^^^^^^^^^^^^^^^^^^^^^^^^^^^^^^^^^^^^^
  File "/app/main_v3.py", line 952, in discover_all_datasets
    self._save_discovery_metadata(all_files)
  File "/app/main_v3.py", line 978, in _save_discovery_metadata
    json.dump(metadata, f, indent=2, ensure_ascii=False)
  File "/usr/local/lib/python3.12/json/__init__.py", line 179, in dump
    for chunk in iterable:
                 ^^^^^^^^
  File "/usr/local/lib/python3.12/json/encoder.py", line 432, in _iterencode
    yield from _iterencode_dict(o, _current_indent_level)
  File "/usr/local/lib/python3.12/json/encoder.py", line 406, in _iterencode_dict
    yield from chunks
  File "/usr/local/lib/python3.12/json/encoder.py", line 406, in _iterencode_dict
    yield from chunks
  File "/usr/local/lib/python3.12/json/encoder.py", line 439, in _iterencode
    o = _default(o)
        ^^^^^^^^^^^
  File "/usr/local/lib/python3.12/json/encoder.py", line 180, in default
    raise TypeError(f'Object of type {o.__class__.__name__} '
TypeError: Object of type datetime is not JSON serializable
