2026-02-09 14:26:16 [INFO    ] EpsteinFetcher - 🚀 Inicializando fetcher...
2026-02-09 14:26:16 [INFO    ] EpsteinFetcher - 🚀 Inicializando fetcher...
2026-02-09 14:26:16 [INFO    ] EpsteinFetcher - 📦 Cache cargado: 1096 entradas
2026-02-09 14:26:16 [INFO    ] EpsteinFetcher - 📦 Cache cargado: 1096 entradas
2026-02-09 14:26:16 [INFO    ] EpsteinFetcher - 🔄 Estableciendo sesión robusta...
2026-02-09 14:26:16 [INFO    ] EpsteinFetcher - 🔄 Estableciendo sesión robusta...
2026-02-09 14:26:16 [DEBUG   ] EpsteinFetcher - 1. Visitando página raíz...
2026-02-09 14:26:16 [DEBUG   ] EpsteinFetcher - 1. Visitando página raíz...
2026-02-09 14:26:16 [DEBUG   ] EpsteinFetcher - ✅ Página raíz accesible
2026-02-09 14:26:16 [DEBUG   ] EpsteinFetcher - ✅ Página raíz accesible
2026-02-09 14:26:18 [DEBUG   ] EpsteinFetcher - 2. Visitando página Epstein principal...
2026-02-09 14:26:18 [DEBUG   ] EpsteinFetcher - 2. Visitando página Epstein principal...
2026-02-09 14:26:18 [DEBUG   ] EpsteinFetcher - No se detectó formulario de verificación explícito
2026-02-09 14:26:18 [DEBUG   ] EpsteinFetcher - No se detectó formulario de verificación explícito
2026-02-09 14:26:21 [DEBUG   ] EpsteinFetcher - 3. Visitando página de disclosures...
2026-02-09 14:26:21 [DEBUG   ] EpsteinFetcher - 3. Visitando página de disclosures...
2026-02-09 14:26:21 [DEBUG   ] EpsteinFetcher - ✅ Página de disclosures accesible
2026-02-09 14:26:21 [DEBUG   ] EpsteinFetcher - ✅ Página de disclosures accesible
2026-02-09 14:26:21 [DEBUG   ] EpsteinFetcher - 4. Verificando acceso a dataset...
2026-02-09 14:26:21 [DEBUG   ] EpsteinFetcher - 4. Verificando acceso a dataset...
2026-02-09 14:26:21 [INFO    ] EpsteinFetcher - 🎉 SESIÓN ESTABLECIDA CORRECTAMENTE
2026-02-09 14:26:21 [INFO    ] EpsteinFetcher - 🎉 SESIÓN ESTABLECIDA CORRECTAMENTE
2026-02-09 14:26:21 [INFO    ] EpsteinFetcher - 📋 Cookies activas finales: {'ak_bmsc': {'value': '1837AD6C440AABEFF336...', 'domain': '.justice.gov', 'path': '/'}, 'justiceGovAgeVerified': {'value': 'true', 'domain': '.justice.gov', 'path': '/'}, 'disclosures_accessed': {'value': 'true', 'domain': '.justice.gov', 'path': '/'}}
2026-02-09 14:26:21 [INFO    ] EpsteinFetcher - 📋 Cookies activas finales: {'ak_bmsc': {'value': '1837AD6C440AABEFF336...', 'domain': '.justice.gov', 'path': '/'}, 'justiceGovAgeVerified': {'value': 'true', 'domain': '.justice.gov', 'path': '/'}, 'disclosures_accessed': {'value': 'true', 'domain': '.justice.gov', 'path': '/'}}
2026-02-09 14:26:21 [INFO    ] EpsteinFetcher - 🍪 Cookies configuradas: ['ak_bmsc', 'justiceGovAgeVerified', 'disclosures_accessed', 'has_js']
2026-02-09 14:26:21 [INFO    ] EpsteinFetcher - 🍪 Cookies configuradas: ['ak_bmsc', 'justiceGovAgeVerified', 'disclosures_accessed', 'has_js']
2026-02-09 14:26:21 [INFO    ] EpsteinFetcher - ✅ Fetcher inicializado. Directorio: /data/downloads
2026-02-09 14:26:21 [INFO    ] EpsteinFetcher - ✅ Fetcher inicializado. Directorio: /data/downloads
2026-02-09 14:26:21 [INFO    ] EpsteinFetcher - 📊 Cookies activas: ['ak_bmsc', 'justiceGovAgeVerified', 'disclosures_accessed', 'has_js']
2026-02-09 14:26:21 [INFO    ] EpsteinFetcher - 📊 Cookies activas: ['ak_bmsc', 'justiceGovAgeVerified', 'disclosures_accessed', 'has_js']
2026-02-09 14:26:21 [INFO    ] EpsteinFetcher - 
======================================================================
2026-02-09 14:26:21 [INFO    ] EpsteinFetcher - 
======================================================================
2026-02-09 14:26:21 [INFO    ] EpsteinFetcher - 🚀 INICIANDO PIPELINE COMPLETO - SESIÓN ROBUSTA
2026-02-09 14:26:21 [INFO    ] EpsteinFetcher - 🚀 INICIANDO PIPELINE COMPLETO - SESIÓN ROBUSTA
2026-02-09 14:26:21 [INFO    ] EpsteinFetcher - ======================================================================
2026-02-09 14:26:21 [INFO    ] EpsteinFetcher - ======================================================================
2026-02-09 14:26:21 [INFO    ] EpsteinFetcher - 🔍 FASE 1: Descubriendo datasets 5-9
2026-02-09 14:26:21 [INFO    ] EpsteinFetcher - 🔍 FASE 1: Descubriendo datasets 5-9
2026-02-09 14:26:21 [INFO    ] EpsteinFetcher - 
============================================================
2026-02-09 14:26:21 [INFO    ] EpsteinFetcher - 
============================================================
2026-02-09 14:26:21 [INFO    ] EpsteinFetcher - 📂 PROCESANDO DATASET 5
2026-02-09 14:26:21 [INFO    ] EpsteinFetcher - 📂 PROCESANDO DATASET 5
2026-02-09 14:26:21 [INFO    ] EpsteinFetcher - ============================================================
2026-02-09 14:26:21 [INFO    ] EpsteinFetcher - ============================================================
2026-02-09 14:26:21 [INFO    ] EpsteinFetcher - 🔍 Explorando Dataset 5...
2026-02-09 14:26:21 [INFO    ] EpsteinFetcher - 🔍 Explorando Dataset 5...
2026-02-09 14:26:21 [DEBUG   ] EpsteinFetcher - URL inicial: https://www.justice.gov/epstein/doj-disclosures/data-set-5-files
2026-02-09 14:26:21 [DEBUG   ] EpsteinFetcher - URL inicial: https://www.justice.gov/epstein/doj-disclosures/data-set-5-files
2026-02-09 14:26:21 [INFO    ] EpsteinFetcher -   Página 1: 49 archivos nuevos
2026-02-09 14:26:21 [INFO    ] EpsteinFetcher -   Página 1: 49 archivos nuevos
2026-02-09 14:26:23 [WARNING ] EpsteinFetcher - HTTP 403 en https://www.justice.gov/epstein/doj-disclosures/data-set-5-files?page=2 (intento 1)
2026-02-09 14:26:23 [WARNING ] EpsteinFetcher - HTTP 403 en https://www.justice.gov/epstein/doj-disclosures/data-set-5-files?page=2 (intento 1)
2026-02-09 14:26:23 [DEBUG   ] EpsteinFetcher -   Reintento 2 para https://www.justice.gov/epstein/doj-disclosures/data-set-5-files?page=2, esperando 2.9s
2026-02-09 14:26:23 [DEBUG   ] EpsteinFetcher -   Reintento 2 para https://www.justice.gov/epstein/doj-disclosures/data-set-5-files?page=2, esperando 2.9s
2026-02-09 14:26:26 [WARNING ] EpsteinFetcher - HTTP 403 en https://www.justice.gov/epstein/doj-disclosures/data-set-5-files?page=2 (intento 2)
2026-02-09 14:26:26 [WARNING ] EpsteinFetcher - HTTP 403 en https://www.justice.gov/epstein/doj-disclosures/data-set-5-files?page=2 (intento 2)
2026-02-09 14:26:26 [WARNING ] EpsteinFetcher -   Página 2: No se pudo acceder
2026-02-09 14:26:26 [WARNING ] EpsteinFetcher -   Página 2: No se pudo acceder
2026-02-09 14:26:29 [DEBUG   ] EpsteinFetcher - 🔄 Refrescando sesión (1/5)
2026-02-09 14:26:29 [DEBUG   ] EpsteinFetcher - 🔄 Refrescando sesión (1/5)
2026-02-09 14:26:33 [DEBUG   ] EpsteinFetcher - ✅ Sesión refrescada
2026-02-09 14:26:33 [DEBUG   ] EpsteinFetcher - ✅ Sesión refrescada
2026-02-09 14:26:33 [INFO    ] EpsteinFetcher -   Página 3: 20 archivos nuevos
2026-02-09 14:26:33 [INFO    ] EpsteinFetcher -   Página 3: 20 archivos nuevos
2026-02-09 14:26:34 [WARNING ] EpsteinFetcher -   Página 4: 0 archivos nuevos
2026-02-09 14:26:34 [WARNING ] EpsteinFetcher -   Página 4: 0 archivos nuevos
2026-02-09 14:26:35 [WARNING ] EpsteinFetcher - HTTP 403 en https://www.justice.gov/epstein/doj-disclosures/data-set-5-files?page=5 (intento 1)
2026-02-09 14:26:35 [WARNING ] EpsteinFetcher - HTTP 403 en https://www.justice.gov/epstein/doj-disclosures/data-set-5-files?page=5 (intento 1)
2026-02-09 14:26:35 [DEBUG   ] EpsteinFetcher - 🔄 Refrescando sesión (2/5)
2026-02-09 14:26:35 [DEBUG   ] EpsteinFetcher - 🔄 Refrescando sesión (2/5)
2026-02-09 14:26:39 [DEBUG   ] EpsteinFetcher - ✅ Sesión refrescada
2026-02-09 14:26:39 [DEBUG   ] EpsteinFetcher - ✅ Sesión refrescada
2026-02-09 14:26:39 [DEBUG   ] EpsteinFetcher -   Reintento 2 para https://www.justice.gov/epstein/doj-disclosures/data-set-5-files?page=5, esperando 3.5s
2026-02-09 14:26:39 [DEBUG   ] EpsteinFetcher -   Reintento 2 para https://www.justice.gov/epstein/doj-disclosures/data-set-5-files?page=5, esperando 3.5s
2026-02-09 14:26:43 [WARNING ] EpsteinFetcher - HTTP 403 en https://www.justice.gov/epstein/doj-disclosures/data-set-5-files?page=5 (intento 2)
2026-02-09 14:26:43 [WARNING ] EpsteinFetcher - HTTP 403 en https://www.justice.gov/epstein/doj-disclosures/data-set-5-files?page=5 (intento 2)
2026-02-09 14:26:43 [WARNING ] EpsteinFetcher -   Página 5: No se pudo acceder
2026-02-09 14:26:43 [WARNING ] EpsteinFetcher -   Página 5: No se pudo acceder
2026-02-09 14:26:45 [INFO    ] EpsteinFetcher -   🔍 Validando 69 archivos...
2026-02-09 14:26:45 [INFO    ] EpsteinFetcher -   🔍 Validando 69 archivos...
2026-02-09 14:26:58 [INFO    ] EpsteinFetcher - ✅ Dataset 5: 69 archivos válidos de 69 encontrados
2026-02-09 14:26:58 [INFO    ] EpsteinFetcher - ✅ Dataset 5: 69 archivos válidos de 69 encontrados
2026-02-09 14:26:58 [INFO    ] EpsteinFetcher - ⏸️  Pausa de 2.3s...
2026-02-09 14:26:58 [INFO    ] EpsteinFetcher - ⏸️  Pausa de 2.3s...
2026-02-09 14:27:01 [INFO    ] EpsteinFetcher - 
============================================================
2026-02-09 14:27:01 [INFO    ] EpsteinFetcher - 
============================================================
2026-02-09 14:27:01 [INFO    ] EpsteinFetcher - 📂 PROCESANDO DATASET 6
2026-02-09 14:27:01 [INFO    ] EpsteinFetcher - 📂 PROCESANDO DATASET 6
2026-02-09 14:27:01 [INFO    ] EpsteinFetcher - ============================================================
2026-02-09 14:27:01 [INFO    ] EpsteinFetcher - ============================================================
2026-02-09 14:27:01 [INFO    ] EpsteinFetcher - 🔍 Explorando Dataset 6...
2026-02-09 14:27:01 [INFO    ] EpsteinFetcher - 🔍 Explorando Dataset 6...
2026-02-09 14:27:01 [DEBUG   ] EpsteinFetcher - URL inicial: https://www.justice.gov/epstein/doj-disclosures/data-set-6-files
2026-02-09 14:27:01 [DEBUG   ] EpsteinFetcher - URL inicial: https://www.justice.gov/epstein/doj-disclosures/data-set-6-files
2026-02-09 14:27:01 [INFO    ] EpsteinFetcher -   Página 1: 13 archivos nuevos
2026-02-09 14:27:01 [INFO    ] EpsteinFetcher -   Página 1: 13 archivos nuevos
2026-02-09 14:27:02 [WARNING ] EpsteinFetcher - HTTP 403 en https://www.justice.gov/epstein/doj-disclosures/data-set-6-files?page=2 (intento 1)
2026-02-09 14:27:02 [WARNING ] EpsteinFetcher - HTTP 403 en https://www.justice.gov/epstein/doj-disclosures/data-set-6-files?page=2 (intento 1)
2026-02-09 14:27:02 [DEBUG   ] EpsteinFetcher -   Reintento 2 para https://www.justice.gov/epstein/doj-disclosures/data-set-6-files?page=2, esperando 4.0s
2026-02-09 14:27:02 [DEBUG   ] EpsteinFetcher -   Reintento 2 para https://www.justice.gov/epstein/doj-disclosures/data-set-6-files?page=2, esperando 4.0s
2026-02-09 14:27:06 [WARNING ] EpsteinFetcher - HTTP 403 en https://www.justice.gov/epstein/doj-disclosures/data-set-6-files?page=2 (intento 2)
2026-02-09 14:27:06 [WARNING ] EpsteinFetcher - HTTP 403 en https://www.justice.gov/epstein/doj-disclosures/data-set-6-files?page=2 (intento 2)
2026-02-09 14:27:06 [WARNING ] EpsteinFetcher -   Página 2: No se pudo acceder
2026-02-09 14:27:06 [WARNING ] EpsteinFetcher -   Página 2: No se pudo acceder
2026-02-09 14:27:10 [DEBUG   ] EpsteinFetcher - 🔄 Refrescando sesión (3/5)
2026-02-09 14:27:10 [DEBUG   ] EpsteinFetcher - 🔄 Refrescando sesión (3/5)
2026-02-09 14:27:15 [DEBUG   ] EpsteinFetcher - ✅ Sesión refrescada
2026-02-09 14:27:15 [DEBUG   ] EpsteinFetcher - ✅ Sesión refrescada
2026-02-09 14:27:15 [WARNING ] EpsteinFetcher - HTTP 403 en https://www.justice.gov/epstein/doj-disclosures/data-set-6-files?page=3 (intento 1)
2026-02-09 14:27:15 [WARNING ] EpsteinFetcher - HTTP 403 en https://www.justice.gov/epstein/doj-disclosures/data-set-6-files?page=3 (intento 1)
2026-02-09 14:27:15 [DEBUG   ] EpsteinFetcher -   Reintento 2 para https://www.justice.gov/epstein/doj-disclosures/data-set-6-files?page=3, esperando 2.7s
2026-02-09 14:27:15 [DEBUG   ] EpsteinFetcher -   Reintento 2 para https://www.justice.gov/epstein/doj-disclosures/data-set-6-files?page=3, esperando 2.7s
2026-02-09 14:27:18 [WARNING ] EpsteinFetcher - HTTP 403 en https://www.justice.gov/epstein/doj-disclosures/data-set-6-files?page=3 (intento 2)
2026-02-09 14:27:18 [WARNING ] EpsteinFetcher - HTTP 403 en https://www.justice.gov/epstein/doj-disclosures/data-set-6-files?page=3 (intento 2)
2026-02-09 14:27:18 [WARNING ] EpsteinFetcher -   Página 3: No se pudo acceder
2026-02-09 14:27:18 [WARNING ] EpsteinFetcher -   Página 3: No se pudo acceder
2026-02-09 14:27:21 [INFO    ] EpsteinFetcher -   🔍 Validando 13 archivos...
2026-02-09 14:27:21 [INFO    ] EpsteinFetcher -   🔍 Validando 13 archivos...
2026-02-09 14:27:23 [INFO    ] EpsteinFetcher - ✅ Dataset 6: 13 archivos válidos de 13 encontrados
2026-02-09 14:27:23 [INFO    ] EpsteinFetcher - ✅ Dataset 6: 13 archivos válidos de 13 encontrados
2026-02-09 14:27:23 [INFO    ] EpsteinFetcher - ⏸️  Pausa de 2.3s...
2026-02-09 14:27:23 [INFO    ] EpsteinFetcher - ⏸️  Pausa de 2.3s...
2026-02-09 14:27:26 [INFO    ] EpsteinFetcher - 
============================================================
2026-02-09 14:27:26 [INFO    ] EpsteinFetcher - 
============================================================
2026-02-09 14:27:26 [INFO    ] EpsteinFetcher - 📂 PROCESANDO DATASET 7
2026-02-09 14:27:26 [INFO    ] EpsteinFetcher - 📂 PROCESANDO DATASET 7
2026-02-09 14:27:26 [INFO    ] EpsteinFetcher - ============================================================
2026-02-09 14:27:26 [INFO    ] EpsteinFetcher - ============================================================
2026-02-09 14:27:26 [INFO    ] EpsteinFetcher - 🔍 Explorando Dataset 7...
2026-02-09 14:27:26 [INFO    ] EpsteinFetcher - 🔍 Explorando Dataset 7...
2026-02-09 14:27:26 [DEBUG   ] EpsteinFetcher - URL inicial: https://www.justice.gov/epstein/doj-disclosures/data-set-7-files
2026-02-09 14:27:26 [DEBUG   ] EpsteinFetcher - URL inicial: https://www.justice.gov/epstein/doj-disclosures/data-set-7-files
2026-02-09 14:27:26 [INFO    ] EpsteinFetcher -   Página 1: 17 archivos nuevos
2026-02-09 14:27:26 [INFO    ] EpsteinFetcher -   Página 1: 17 archivos nuevos
2026-02-09 14:27:27 [WARNING ] EpsteinFetcher - HTTP 403 en https://www.justice.gov/epstein/doj-disclosures/data-set-7-files?page=2 (intento 1)
2026-02-09 14:27:27 [WARNING ] EpsteinFetcher - HTTP 403 en https://www.justice.gov/epstein/doj-disclosures/data-set-7-files?page=2 (intento 1)
2026-02-09 14:27:27 [DEBUG   ] EpsteinFetcher - 🔄 Refrescando sesión (4/5)
2026-02-09 14:27:27 [DEBUG   ] EpsteinFetcher - 🔄 Refrescando sesión (4/5)
2026-02-09 14:27:31 [DEBUG   ] EpsteinFetcher - ✅ Sesión refrescada
2026-02-09 14:27:31 [DEBUG   ] EpsteinFetcher - ✅ Sesión refrescada
2026-02-09 14:27:31 [DEBUG   ] EpsteinFetcher -   Reintento 2 para https://www.justice.gov/epstein/doj-disclosures/data-set-7-files?page=2, esperando 3.9s
2026-02-09 14:27:31 [DEBUG   ] EpsteinFetcher -   Reintento 2 para https://www.justice.gov/epstein/doj-disclosures/data-set-7-files?page=2, esperando 3.9s
2026-02-09 14:27:35 [WARNING ] EpsteinFetcher - HTTP 403 en https://www.justice.gov/epstein/doj-disclosures/data-set-7-files?page=2 (intento 2)
2026-02-09 14:27:35 [WARNING ] EpsteinFetcher - HTTP 403 en https://www.justice.gov/epstein/doj-disclosures/data-set-7-files?page=2 (intento 2)
2026-02-09 14:27:35 [WARNING ] EpsteinFetcher -   Página 2: No se pudo acceder
2026-02-09 14:27:35 [WARNING ] EpsteinFetcher -   Página 2: No se pudo acceder
2026-02-09 14:27:39 [DEBUG   ] EpsteinFetcher - 🔄 Refrescando sesión (5/5)
2026-02-09 14:27:39 [DEBUG   ] EpsteinFetcher - 🔄 Refrescando sesión (5/5)
2026-02-09 14:27:43 [DEBUG   ] EpsteinFetcher - ✅ Sesión refrescada
2026-02-09 14:27:43 [DEBUG   ] EpsteinFetcher - ✅ Sesión refrescada
2026-02-09 14:27:43 [WARNING ] EpsteinFetcher - HTTP 403 en https://www.justice.gov/epstein/doj-disclosures/data-set-7-files?page=3 (intento 1)
2026-02-09 14:27:43 [WARNING ] EpsteinFetcher - HTTP 403 en https://www.justice.gov/epstein/doj-disclosures/data-set-7-files?page=3 (intento 1)
2026-02-09 14:27:43 [DEBUG   ] EpsteinFetcher -   Reintento 2 para https://www.justice.gov/epstein/doj-disclosures/data-set-7-files?page=3, esperando 2.8s
2026-02-09 14:27:43 [DEBUG   ] EpsteinFetcher -   Reintento 2 para https://www.justice.gov/epstein/doj-disclosures/data-set-7-files?page=3, esperando 2.8s
2026-02-09 14:27:46 [WARNING ] EpsteinFetcher - HTTP 403 en https://www.justice.gov/epstein/doj-disclosures/data-set-7-files?page=3 (intento 2)
2026-02-09 14:27:46 [WARNING ] EpsteinFetcher - HTTP 403 en https://www.justice.gov/epstein/doj-disclosures/data-set-7-files?page=3 (intento 2)
2026-02-09 14:27:46 [WARNING ] EpsteinFetcher -   Página 3: No se pudo acceder
2026-02-09 14:27:46 [WARNING ] EpsteinFetcher -   Página 3: No se pudo acceder
2026-02-09 14:27:49 [INFO    ] EpsteinFetcher -   🔍 Validando 17 archivos...
2026-02-09 14:27:49 [INFO    ] EpsteinFetcher -   🔍 Validando 17 archivos...
2026-02-09 14:27:52 [INFO    ] EpsteinFetcher - ✅ Dataset 7: 17 archivos válidos de 17 encontrados
2026-02-09 14:27:52 [INFO    ] EpsteinFetcher - ✅ Dataset 7: 17 archivos válidos de 17 encontrados
2026-02-09 14:27:52 [INFO    ] EpsteinFetcher - ⏸️  Pausa de 2.3s...
2026-02-09 14:27:52 [INFO    ] EpsteinFetcher - ⏸️  Pausa de 2.3s...
2026-02-09 14:27:54 [INFO    ] EpsteinFetcher - 
============================================================
2026-02-09 14:27:54 [INFO    ] EpsteinFetcher - 
============================================================
2026-02-09 14:27:54 [INFO    ] EpsteinFetcher - 📂 PROCESANDO DATASET 8
2026-02-09 14:27:54 [INFO    ] EpsteinFetcher - 📂 PROCESANDO DATASET 8
2026-02-09 14:27:54 [INFO    ] EpsteinFetcher - ============================================================
2026-02-09 14:27:54 [INFO    ] EpsteinFetcher - ============================================================
2026-02-09 14:27:54 [INFO    ] EpsteinFetcher - 🔍 Explorando Dataset 8...
2026-02-09 14:27:54 [INFO    ] EpsteinFetcher - 🔍 Explorando Dataset 8...
2026-02-09 14:27:54 [DEBUG   ] EpsteinFetcher - URL inicial: https://www.justice.gov/epstein/doj-disclosures/data-set-8-files
2026-02-09 14:27:54 [DEBUG   ] EpsteinFetcher - URL inicial: https://www.justice.gov/epstein/doj-disclosures/data-set-8-files
2026-02-09 14:27:54 [INFO    ] EpsteinFetcher -   Página 1: 49 archivos nuevos
2026-02-09 14:27:54 [INFO    ] EpsteinFetcher -   Página 1: 49 archivos nuevos
2026-02-09 14:27:56 [WARNING ] EpsteinFetcher - HTTP 403 en https://www.justice.gov/epstein/doj-disclosures/data-set-8-files?page=2 (intento 1)
2026-02-09 14:27:56 [WARNING ] EpsteinFetcher - HTTP 403 en https://www.justice.gov/epstein/doj-disclosures/data-set-8-files?page=2 (intento 1)
2026-02-09 14:27:56 [DEBUG   ] EpsteinFetcher -   Reintento 2 para https://www.justice.gov/epstein/doj-disclosures/data-set-8-files?page=2, esperando 3.2s
2026-02-09 14:27:56 [DEBUG   ] EpsteinFetcher -   Reintento 2 para https://www.justice.gov/epstein/doj-disclosures/data-set-8-files?page=2, esperando 3.2s
2026-02-09 14:27:59 [WARNING ] EpsteinFetcher - HTTP 403 en https://www.justice.gov/epstein/doj-disclosures/data-set-8-files?page=2 (intento 2)
2026-02-09 14:27:59 [WARNING ] EpsteinFetcher - HTTP 403 en https://www.justice.gov/epstein/doj-disclosures/data-set-8-files?page=2 (intento 2)
2026-02-09 14:27:59 [WARNING ] EpsteinFetcher -   Página 2: No se pudo acceder
2026-02-09 14:27:59 [WARNING ] EpsteinFetcher -   Página 2: No se pudo acceder
2026-02-09 14:28:02 [WARNING ] EpsteinFetcher - Límite de refrescos de sesión alcanzado
2026-02-09 14:28:02 [WARNING ] EpsteinFetcher - Límite de refrescos de sesión alcanzado
2026-02-09 14:28:03 [INFO    ] EpsteinFetcher -   Página 3: 50 archivos nuevos
2026-02-09 14:28:03 [INFO    ] EpsteinFetcher -   Página 3: 50 archivos nuevos
2026-02-09 14:28:04 [WARNING ] EpsteinFetcher - HTTP 403 en https://www.justice.gov/epstein/doj-disclosures/data-set-8-files?page=4 (intento 1)
2026-02-09 14:28:04 [WARNING ] EpsteinFetcher - HTTP 403 en https://www.justice.gov/epstein/doj-disclosures/data-set-8-files?page=4 (intento 1)
2026-02-09 14:28:04 [WARNING ] EpsteinFetcher - Límite de refrescos de sesión alcanzado
2026-02-09 14:28:04 [WARNING ] EpsteinFetcher - Límite de refrescos de sesión alcanzado
2026-02-09 14:28:04 [DEBUG   ] EpsteinFetcher -   Reintento 2 para https://www.justice.gov/epstein/doj-disclosures/data-set-8-files?page=4, esperando 2.6s
2026-02-09 14:28:04 [DEBUG   ] EpsteinFetcher -   Reintento 2 para https://www.justice.gov/epstein/doj-disclosures/data-set-8-files?page=4, esperando 2.6s
2026-02-09 14:28:07 [WARNING ] EpsteinFetcher - HTTP 403 en https://www.justice.gov/epstein/doj-disclosures/data-set-8-files?page=4 (intento 2)
2026-02-09 14:28:07 [WARNING ] EpsteinFetcher - HTTP 403 en https://www.justice.gov/epstein/doj-disclosures/data-set-8-files?page=4 (intento 2)
2026-02-09 14:28:07 [WARNING ] EpsteinFetcher -   Página 4: No se pudo acceder
2026-02-09 14:28:07 [WARNING ] EpsteinFetcher -   Página 4: No se pudo acceder
2026-02-09 14:28:10 [WARNING ] EpsteinFetcher - HTTP 403 en https://www.justice.gov/epstein/doj-disclosures/data-set-8-files?page=5 (intento 1)
2026-02-09 14:28:10 [WARNING ] EpsteinFetcher - HTTP 403 en https://www.justice.gov/epstein/doj-disclosures/data-set-8-files?page=5 (intento 1)
2026-02-09 14:28:10 [DEBUG   ] EpsteinFetcher -   Reintento 2 para https://www.justice.gov/epstein/doj-disclosures/data-set-8-files?page=5, esperando 3.3s
2026-02-09 14:28:10 [DEBUG   ] EpsteinFetcher -   Reintento 2 para https://www.justice.gov/epstein/doj-disclosures/data-set-8-files?page=5, esperando 3.3s
2026-02-09 14:28:13 [WARNING ] EpsteinFetcher - HTTP 403 en https://www.justice.gov/epstein/doj-disclosures/data-set-8-files?page=5 (intento 2)
2026-02-09 14:28:13 [WARNING ] EpsteinFetcher - HTTP 403 en https://www.justice.gov/epstein/doj-disclosures/data-set-8-files?page=5 (intento 2)
2026-02-09 14:28:13 [WARNING ] EpsteinFetcher -   Página 5: No se pudo acceder
2026-02-09 14:28:13 [WARNING ] EpsteinFetcher -   Página 5: No se pudo acceder
2026-02-09 14:28:17 [INFO    ] EpsteinFetcher -   🔍 Validando 99 archivos...
2026-02-09 14:28:17 [INFO    ] EpsteinFetcher -   🔍 Validando 99 archivos...
2026-02-09 14:28:34 [INFO    ] EpsteinFetcher - ✅ Dataset 8: 99 archivos válidos de 99 encontrados
2026-02-09 14:28:34 [INFO    ] EpsteinFetcher - ✅ Dataset 8: 99 archivos válidos de 99 encontrados
2026-02-09 14:28:34 [INFO    ] EpsteinFetcher - ⏸️  Pausa de 4.4s...
2026-02-09 14:28:34 [INFO    ] EpsteinFetcher - ⏸️  Pausa de 4.4s...
2026-02-09 14:28:38 [INFO    ] EpsteinFetcher - 
============================================================
2026-02-09 14:28:38 [INFO    ] EpsteinFetcher - 
============================================================
2026-02-09 14:28:38 [INFO    ] EpsteinFetcher - 📂 PROCESANDO DATASET 9
2026-02-09 14:28:38 [INFO    ] EpsteinFetcher - 📂 PROCESANDO DATASET 9
2026-02-09 14:28:38 [INFO    ] EpsteinFetcher - ============================================================
2026-02-09 14:28:38 [INFO    ] EpsteinFetcher - ============================================================
2026-02-09 14:28:38 [INFO    ] EpsteinFetcher - 🔍 Explorando Dataset 9...
2026-02-09 14:28:38 [INFO    ] EpsteinFetcher - 🔍 Explorando Dataset 9...
2026-02-09 14:28:38 [DEBUG   ] EpsteinFetcher - URL inicial: https://www.justice.gov/epstein/doj-disclosures/data-set-9-files
2026-02-09 14:28:38 [DEBUG   ] EpsteinFetcher - URL inicial: https://www.justice.gov/epstein/doj-disclosures/data-set-9-files
2026-02-09 14:28:38 [INFO    ] EpsteinFetcher -   Página 1: 50 archivos nuevos
2026-02-09 14:28:38 [INFO    ] EpsteinFetcher -   Página 1: 50 archivos nuevos
2026-02-09 14:28:39 [INFO    ] EpsteinFetcher -   Página 2: 50 archivos nuevos
2026-02-09 14:28:39 [INFO    ] EpsteinFetcher -   Página 2: 50 archivos nuevos
2026-02-09 14:28:40 [WARNING ] EpsteinFetcher - Límite de refrescos de sesión alcanzado
2026-02-09 14:28:40 [WARNING ] EpsteinFetcher - Límite de refrescos de sesión alcanzado
2026-02-09 14:28:40 [WARNING ] EpsteinFetcher - HTTP 403 en https://www.justice.gov/epstein/doj-disclosures/data-set-9-files?page=3 (intento 1)
2026-02-09 14:28:40 [WARNING ] EpsteinFetcher - HTTP 403 en https://www.justice.gov/epstein/doj-disclosures/data-set-9-files?page=3 (intento 1)
2026-02-09 14:28:40 [DEBUG   ] EpsteinFetcher -   Reintento 2 para https://www.justice.gov/epstein/doj-disclosures/data-set-9-files?page=3, esperando 3.6s
2026-02-09 14:28:40 [DEBUG   ] EpsteinFetcher -   Reintento 2 para https://www.justice.gov/epstein/doj-disclosures/data-set-9-files?page=3, esperando 3.6s
2026-02-09 14:28:44 [WARNING ] EpsteinFetcher - HTTP 403 en https://www.justice.gov/epstein/doj-disclosures/data-set-9-files?page=3 (intento 2)
2026-02-09 14:28:44 [WARNING ] EpsteinFetcher - HTTP 403 en https://www.justice.gov/epstein/doj-disclosures/data-set-9-files?page=3 (intento 2)
2026-02-09 14:28:44 [WARNING ] EpsteinFetcher -   Página 3: No se pudo acceder
2026-02-09 14:28:44 [WARNING ] EpsteinFetcher -   Página 3: No se pudo acceder
2026-02-09 14:28:48 [INFO    ] EpsteinFetcher -   Página 4: 50 archivos nuevos
2026-02-09 14:28:48 [INFO    ] EpsteinFetcher -   Página 4: 50 archivos nuevos
2026-02-09 14:28:49 [INFO    ] EpsteinFetcher -   Página 5: 50 archivos nuevos
2026-02-09 14:28:49 [INFO    ] EpsteinFetcher -   Página 5: 50 archivos nuevos
2026-02-09 14:28:51 [WARNING ] EpsteinFetcher - Límite de refrescos de sesión alcanzado
2026-02-09 14:28:51 [WARNING ] EpsteinFetcher - Límite de refrescos de sesión alcanzado
2026-02-09 14:28:51 [INFO    ] EpsteinFetcher -   Página 6: 50 archivos nuevos
2026-02-09 14:28:51 [INFO    ] EpsteinFetcher -   Página 6: 50 archivos nuevos
2026-02-09 14:28:53 [INFO    ] EpsteinFetcher -   Página 7: 50 archivos nuevos
2026-02-09 14:28:53 [INFO    ] EpsteinFetcher -   Página 7: 50 archivos nuevos
2026-02-09 14:28:54 [INFO    ] EpsteinFetcher -   Página 8: 50 archivos nuevos
2026-02-09 14:28:54 [INFO    ] EpsteinFetcher -   Página 8: 50 archivos nuevos
2026-02-09 14:28:55 [WARNING ] EpsteinFetcher - Límite de refrescos de sesión alcanzado
2026-02-09 14:28:55 [WARNING ] EpsteinFetcher - Límite de refrescos de sesión alcanzado
2026-02-09 14:28:55 [INFO    ] EpsteinFetcher -   Página 9: 50 archivos nuevos
2026-02-09 14:28:55 [INFO    ] EpsteinFetcher -   Página 9: 50 archivos nuevos
2026-02-09 14:28:57 [INFO    ] EpsteinFetcher -   Página 10: 50 archivos nuevos
2026-02-09 14:28:57 [INFO    ] EpsteinFetcher -   Página 10: 50 archivos nuevos
2026-02-09 14:28:58 [INFO    ] EpsteinFetcher -   🔍 Validando 450 archivos...
2026-02-09 14:28:58 [INFO    ] EpsteinFetcher -   🔍 Validando 450 archivos...
2026-02-09 14:29:17 [DEBUG   ] EpsteinFetcher -     HTTP 206: EFTA00040705.pdf
2026-02-09 14:29:17 [DEBUG   ] EpsteinFetcher -     HTTP 206: EFTA00040705.pdf
2026-02-09 14:29:25 [DEBUG   ] EpsteinFetcher -     HTTP 206: EFTA00040864.pdf
2026-02-09 14:29:25 [DEBUG   ] EpsteinFetcher -     HTTP 206: EFTA00040864.pdf
2026-02-09 14:29:28 [DEBUG   ] EpsteinFetcher -     HTTP 206: EFTA00045963.pdf
2026-02-09 14:29:28 [DEBUG   ] EpsteinFetcher -     HTTP 206: EFTA00045963.pdf
2026-02-09 14:29:29 [DEBUG   ] EpsteinFetcher -     HTTP 206: EFTA00050963.pdf
2026-02-09 14:29:29 [DEBUG   ] EpsteinFetcher -     HTTP 206: EFTA00050963.pdf
2026-02-09 14:29:30 [DEBUG   ] EpsteinFetcher -     HTTP 206: EFTA00051963.pdf
2026-02-09 14:29:30 [DEBUG   ] EpsteinFetcher -     HTTP 206: EFTA00051963.pdf
