2026-02-09 14:09:57 [INFO    ] EpsteinFetcher - 🚀 Inicializando fetcher...
2026-02-09 14:09:57 [INFO    ] EpsteinFetcher - 🚀 Inicializando fetcher...
2026-02-09 14:09:57 [INFO    ] EpsteinFetcher - 📦 Cache cargado: 1096 entradas
2026-02-09 14:09:57 [INFO    ] EpsteinFetcher - 📦 Cache cargado: 1096 entradas
2026-02-09 14:09:57 [INFO    ] EpsteinFetcher - 🔄 Estableciendo sesión robusta...
2026-02-09 14:09:57 [INFO    ] EpsteinFetcher - 🔄 Estableciendo sesión robusta...
2026-02-09 14:09:57 [DEBUG   ] EpsteinFetcher - 1. Visitando página raíz...
2026-02-09 14:09:57 [DEBUG   ] EpsteinFetcher - 1. Visitando página raíz...
2026-02-09 14:09:57 [DEBUG   ] EpsteinFetcher - ✅ Página raíz accesible
2026-02-09 14:09:57 [DEBUG   ] EpsteinFetcher - ✅ Página raíz accesible
2026-02-09 14:10:00 [DEBUG   ] EpsteinFetcher - 2. Visitando página Epstein principal...
2026-02-09 14:10:00 [DEBUG   ] EpsteinFetcher - 2. Visitando página Epstein principal...
2026-02-09 14:10:00 [DEBUG   ] EpsteinFetcher - No se detectó formulario de verificación explícito
2026-02-09 14:10:00 [DEBUG   ] EpsteinFetcher - No se detectó formulario de verificación explícito
2026-02-09 14:10:02 [DEBUG   ] EpsteinFetcher - 3. Visitando página de disclosures...
2026-02-09 14:10:02 [DEBUG   ] EpsteinFetcher - 3. Visitando página de disclosures...
2026-02-09 14:10:02 [DEBUG   ] EpsteinFetcher - ✅ Página de disclosures accesible
2026-02-09 14:10:02 [DEBUG   ] EpsteinFetcher - ✅ Página de disclosures accesible
2026-02-09 14:10:02 [DEBUG   ] EpsteinFetcher - 4. Verificando acceso a dataset...
2026-02-09 14:10:02 [DEBUG   ] EpsteinFetcher - 4. Verificando acceso a dataset...
2026-02-09 14:10:02 [INFO    ] EpsteinFetcher - 🎉 SESIÓN ESTABLECIDA CORRECTAMENTE
2026-02-09 14:10:02 [INFO    ] EpsteinFetcher - 🎉 SESIÓN ESTABLECIDA CORRECTAMENTE
2026-02-09 14:10:02 [INFO    ] EpsteinFetcher - 📋 Cookies activas finales: {'ak_bmsc': {'value': '52D8878843E5A9E51BB1...', 'domain': '.justice.gov', 'path': '/'}, 'justiceGovAgeVerified': {'value': 'true', 'domain': '.justice.gov', 'path': '/'}, 'disclosures_accessed': {'value': 'true', 'domain': '.justice.gov', 'path': '/'}}
2026-02-09 14:10:02 [INFO    ] EpsteinFetcher - 📋 Cookies activas finales: {'ak_bmsc': {'value': '52D8878843E5A9E51BB1...', 'domain': '.justice.gov', 'path': '/'}, 'justiceGovAgeVerified': {'value': 'true', 'domain': '.justice.gov', 'path': '/'}, 'disclosures_accessed': {'value': 'true', 'domain': '.justice.gov', 'path': '/'}}
2026-02-09 14:10:02 [INFO    ] EpsteinFetcher - 🍪 Cookies configuradas: ['ak_bmsc', 'justiceGovAgeVerified', 'disclosures_accessed', 'has_js']
2026-02-09 14:10:02 [INFO    ] EpsteinFetcher - 🍪 Cookies configuradas: ['ak_bmsc', 'justiceGovAgeVerified', 'disclosures_accessed', 'has_js']
2026-02-09 14:10:02 [INFO    ] EpsteinFetcher - ✅ Fetcher inicializado. Directorio: /data/downloads
2026-02-09 14:10:02 [INFO    ] EpsteinFetcher - ✅ Fetcher inicializado. Directorio: /data/downloads
2026-02-09 14:10:02 [INFO    ] EpsteinFetcher - 📊 Cookies activas: ['ak_bmsc', 'justiceGovAgeVerified', 'disclosures_accessed', 'has_js']
2026-02-09 14:10:02 [INFO    ] EpsteinFetcher - 📊 Cookies activas: ['ak_bmsc', 'justiceGovAgeVerified', 'disclosures_accessed', 'has_js']
2026-02-09 14:10:02 [INFO    ] EpsteinFetcher - 
======================================================================
2026-02-09 14:10:02 [INFO    ] EpsteinFetcher - 
======================================================================
2026-02-09 14:10:02 [INFO    ] EpsteinFetcher - 🚀 INICIANDO PIPELINE COMPLETO - SESIÓN ROBUSTA
2026-02-09 14:10:02 [INFO    ] EpsteinFetcher - 🚀 INICIANDO PIPELINE COMPLETO - SESIÓN ROBUSTA
2026-02-09 14:10:02 [INFO    ] EpsteinFetcher - ======================================================================
2026-02-09 14:10:02 [INFO    ] EpsteinFetcher - ======================================================================
2026-02-09 14:10:02 [INFO    ] EpsteinFetcher - 🔍 FASE 1: Descubriendo datasets 5-9
2026-02-09 14:10:02 [INFO    ] EpsteinFetcher - 🔍 FASE 1: Descubriendo datasets 5-9
2026-02-09 14:10:02 [INFO    ] EpsteinFetcher - 
============================================================
2026-02-09 14:10:02 [INFO    ] EpsteinFetcher - 
============================================================
2026-02-09 14:10:02 [INFO    ] EpsteinFetcher - 📂 PROCESANDO DATASET 5
2026-02-09 14:10:02 [INFO    ] EpsteinFetcher - 📂 PROCESANDO DATASET 5
2026-02-09 14:10:02 [INFO    ] EpsteinFetcher - ============================================================
2026-02-09 14:10:02 [INFO    ] EpsteinFetcher - ============================================================
2026-02-09 14:10:02 [INFO    ] EpsteinFetcher - 🔍 Explorando Dataset 5...
2026-02-09 14:10:02 [INFO    ] EpsteinFetcher - 🔍 Explorando Dataset 5...
2026-02-09 14:10:02 [DEBUG   ] EpsteinFetcher - URL inicial: https://www.justice.gov/epstein/doj-disclosures/data-set-5-files
2026-02-09 14:10:02 [DEBUG   ] EpsteinFetcher - URL inicial: https://www.justice.gov/epstein/doj-disclosures/data-set-5-files
2026-02-09 14:10:02 [INFO    ] EpsteinFetcher -   Página 1: 49 archivos nuevos
2026-02-09 14:10:02 [INFO    ] EpsteinFetcher -   Página 1: 49 archivos nuevos
2026-02-09 14:10:03 [INFO    ] EpsteinFetcher -   Página 2: 20 archivos nuevos
2026-02-09 14:10:03 [INFO    ] EpsteinFetcher -   Página 2: 20 archivos nuevos
2026-02-09 14:10:05 [DEBUG   ] EpsteinFetcher - 🔄 Refrescando sesión (1/5)
2026-02-09 14:10:05 [DEBUG   ] EpsteinFetcher - 🔄 Refrescando sesión (1/5)
2026-02-09 14:10:08 [DEBUG   ] EpsteinFetcher - ✅ Sesión refrescada
2026-02-09 14:10:08 [DEBUG   ] EpsteinFetcher - ✅ Sesión refrescada
2026-02-09 14:10:08 [WARNING ] EpsteinFetcher - HTTP 403 en https://www.justice.gov/epstein/doj-disclosures/data-set-5-files?page=3 (intento 1)
2026-02-09 14:10:08 [WARNING ] EpsteinFetcher - HTTP 403 en https://www.justice.gov/epstein/doj-disclosures/data-set-5-files?page=3 (intento 1)
2026-02-09 14:10:08 [DEBUG   ] EpsteinFetcher -   Reintento 2 para https://www.justice.gov/epstein/doj-disclosures/data-set-5-files?page=3, esperando 3.9s
2026-02-09 14:10:08 [DEBUG   ] EpsteinFetcher -   Reintento 2 para https://www.justice.gov/epstein/doj-disclosures/data-set-5-files?page=3, esperando 3.9s
2026-02-09 14:10:12 [WARNING ] EpsteinFetcher - HTTP 403 en https://www.justice.gov/epstein/doj-disclosures/data-set-5-files?page=3 (intento 2)
2026-02-09 14:10:12 [WARNING ] EpsteinFetcher - HTTP 403 en https://www.justice.gov/epstein/doj-disclosures/data-set-5-files?page=3 (intento 2)
2026-02-09 14:10:12 [WARNING ] EpsteinFetcher -   Página 3: No se pudo acceder
2026-02-09 14:10:12 [WARNING ] EpsteinFetcher -   Página 3: No se pudo acceder
2026-02-09 14:10:16 [WARNING ] EpsteinFetcher - HTTP 403 en https://www.justice.gov/epstein/doj-disclosures/data-set-5-files?page=4 (intento 1)
2026-02-09 14:10:16 [WARNING ] EpsteinFetcher - HTTP 403 en https://www.justice.gov/epstein/doj-disclosures/data-set-5-files?page=4 (intento 1)
2026-02-09 14:10:16 [DEBUG   ] EpsteinFetcher - 🔄 Refrescando sesión (2/5)
2026-02-09 14:10:16 [DEBUG   ] EpsteinFetcher - 🔄 Refrescando sesión (2/5)
2026-02-09 14:10:19 [DEBUG   ] EpsteinFetcher - ✅ Sesión refrescada
2026-02-09 14:10:19 [DEBUG   ] EpsteinFetcher - ✅ Sesión refrescada
2026-02-09 14:10:19 [DEBUG   ] EpsteinFetcher -   Reintento 2 para https://www.justice.gov/epstein/doj-disclosures/data-set-5-files?page=4, esperando 2.5s
2026-02-09 14:10:19 [DEBUG   ] EpsteinFetcher -   Reintento 2 para https://www.justice.gov/epstein/doj-disclosures/data-set-5-files?page=4, esperando 2.5s
2026-02-09 14:10:22 [WARNING ] EpsteinFetcher - HTTP 403 en https://www.justice.gov/epstein/doj-disclosures/data-set-5-files?page=4 (intento 2)
2026-02-09 14:10:22 [WARNING ] EpsteinFetcher - HTTP 403 en https://www.justice.gov/epstein/doj-disclosures/data-set-5-files?page=4 (intento 2)
2026-02-09 14:10:22 [WARNING ] EpsteinFetcher -   Página 4: No se pudo acceder
2026-02-09 14:10:22 [WARNING ] EpsteinFetcher -   Página 4: No se pudo acceder
2026-02-09 14:10:24 [INFO    ] EpsteinFetcher -   🔍 Validando 69 archivos...
2026-02-09 14:10:24 [INFO    ] EpsteinFetcher -   🔍 Validando 69 archivos...
2026-02-09 14:10:36 [INFO    ] EpsteinFetcher - ✅ Dataset 5: 69 archivos válidos de 69 encontrados
2026-02-09 14:10:36 [INFO    ] EpsteinFetcher - ✅ Dataset 5: 69 archivos válidos de 69 encontrados
2026-02-09 14:10:36 [INFO    ] EpsteinFetcher - ⏸️  Pausa de 3.6s...
2026-02-09 14:10:36 [INFO    ] EpsteinFetcher - ⏸️  Pausa de 3.6s...
2026-02-09 14:10:40 [INFO    ] EpsteinFetcher - 
============================================================
2026-02-09 14:10:40 [INFO    ] EpsteinFetcher - 
============================================================
2026-02-09 14:10:40 [INFO    ] EpsteinFetcher - 📂 PROCESANDO DATASET 6
2026-02-09 14:10:40 [INFO    ] EpsteinFetcher - 📂 PROCESANDO DATASET 6
2026-02-09 14:10:40 [INFO    ] EpsteinFetcher - ============================================================
2026-02-09 14:10:40 [INFO    ] EpsteinFetcher - ============================================================
2026-02-09 14:10:40 [INFO    ] EpsteinFetcher - 🔍 Explorando Dataset 6...
2026-02-09 14:10:40 [INFO    ] EpsteinFetcher - 🔍 Explorando Dataset 6...
2026-02-09 14:10:40 [DEBUG   ] EpsteinFetcher - URL inicial: https://www.justice.gov/epstein/doj-disclosures/data-set-6-files
2026-02-09 14:10:40 [DEBUG   ] EpsteinFetcher - URL inicial: https://www.justice.gov/epstein/doj-disclosures/data-set-6-files
2026-02-09 14:10:40 [INFO    ] EpsteinFetcher -   Página 1: 13 archivos nuevos
2026-02-09 14:10:40 [INFO    ] EpsteinFetcher -   Página 1: 13 archivos nuevos
2026-02-09 14:10:41 [WARNING ] EpsteinFetcher -   Página 2: 0 archivos nuevos
2026-02-09 14:10:41 [WARNING ] EpsteinFetcher -   Página 2: 0 archivos nuevos
2026-02-09 14:10:42 [DEBUG   ] EpsteinFetcher - 🔄 Refrescando sesión (3/5)
2026-02-09 14:10:42 [DEBUG   ] EpsteinFetcher - 🔄 Refrescando sesión (3/5)
2026-02-09 14:10:45 [DEBUG   ] EpsteinFetcher - ✅ Sesión refrescada
2026-02-09 14:10:45 [DEBUG   ] EpsteinFetcher - ✅ Sesión refrescada
2026-02-09 14:10:46 [WARNING ] EpsteinFetcher -   Página 3: 0 archivos nuevos
2026-02-09 14:10:46 [WARNING ] EpsteinFetcher -   Página 3: 0 archivos nuevos
2026-02-09 14:10:46 [INFO    ] EpsteinFetcher -   ⏹️ Deteniendo: 2 páginas sin archivos nuevos
2026-02-09 14:10:46 [INFO    ] EpsteinFetcher -   ⏹️ Deteniendo: 2 páginas sin archivos nuevos
2026-02-09 14:10:46 [INFO    ] EpsteinFetcher -   🔍 Validando 13 archivos...
2026-02-09 14:10:46 [INFO    ] EpsteinFetcher -   🔍 Validando 13 archivos...
