2026-02-09 14:35:27 [INFO    ] EpsteinFetcher - 🚀 Inicializando fetcher...
2026-02-09 14:35:27 [INFO    ] EpsteinFetcher - 🚀 Inicializando fetcher...
2026-02-09 14:35:27 [INFO    ] EpsteinFetcher - 📦 Cache cargado: 1096 entradas
2026-02-09 14:35:27 [INFO    ] EpsteinFetcher - 📦 Cache cargado: 1096 entradas
2026-02-09 14:35:27 [INFO    ] EpsteinFetcher - 🔄 Estableciendo sesión robusta...
2026-02-09 14:35:27 [INFO    ] EpsteinFetcher - 🔄 Estableciendo sesión robusta...
2026-02-09 14:35:33 [INFO    ] EpsteinFetcher - 🎉 SESIÓN ESTABLECIDA CORRECTAMENTE
2026-02-09 14:35:33 [INFO    ] EpsteinFetcher - 🎉 SESIÓN ESTABLECIDA CORRECTAMENTE
2026-02-09 14:35:33 [INFO    ] EpsteinFetcher - 📋 Cookies activas finales: {'ak_bmsc': {'value': '99BB2CE632B9FAE6CCCE...', 'domain': '.justice.gov', 'path': '/'}, 'justiceGovAgeVerified': {'value': 'true', 'domain': '.justice.gov', 'path': '/'}, 'disclosures_accessed': {'value': 'true', 'domain': '.justice.gov', 'path': '/'}}
2026-02-09 14:35:33 [INFO    ] EpsteinFetcher - 📋 Cookies activas finales: {'ak_bmsc': {'value': '99BB2CE632B9FAE6CCCE...', 'domain': '.justice.gov', 'path': '/'}, 'justiceGovAgeVerified': {'value': 'true', 'domain': '.justice.gov', 'path': '/'}, 'disclosures_accessed': {'value': 'true', 'domain': '.justice.gov', 'path': '/'}}
2026-02-09 14:35:33 [INFO    ] EpsteinFetcher - 🍪 Cookies configuradas: ['ak_bmsc', 'justiceGovAgeVerified', 'disclosures_accessed', 'has_js']
2026-02-09 14:35:33 [INFO    ] EpsteinFetcher - 🍪 Cookies configuradas: ['ak_bmsc', 'justiceGovAgeVerified', 'disclosures_accessed', 'has_js']
2026-02-09 14:35:33 [INFO    ] EpsteinFetcher - ✅ Fetcher inicializado. Directorio: /data/downloads
2026-02-09 14:35:33 [INFO    ] EpsteinFetcher - ✅ Fetcher inicializado. Directorio: /data/downloads
2026-02-09 14:35:33 [INFO    ] EpsteinFetcher - 📊 Cookies activas: ['ak_bmsc', 'justiceGovAgeVerified', 'disclosures_accessed', 'has_js']
2026-02-09 14:35:33 [INFO    ] EpsteinFetcher - 📊 Cookies activas: ['ak_bmsc', 'justiceGovAgeVerified', 'disclosures_accessed', 'has_js']
2026-02-09 14:35:33 [INFO    ] EpsteinFetcher - 
======================================================================
2026-02-09 14:35:33 [INFO    ] EpsteinFetcher - 
======================================================================
2026-02-09 14:35:33 [INFO    ] EpsteinFetcher - 🚀 INICIANDO PIPELINE COMPLETO - SESIÓN ROBUSTA
2026-02-09 14:35:33 [INFO    ] EpsteinFetcher - 🚀 INICIANDO PIPELINE COMPLETO - SESIÓN ROBUSTA
2026-02-09 14:35:33 [INFO    ] EpsteinFetcher - ======================================================================
2026-02-09 14:35:33 [INFO    ] EpsteinFetcher - ======================================================================
2026-02-09 14:35:33 [INFO    ] EpsteinFetcher - 🔍 FASE 1: Descubriendo datasets 5-9
2026-02-09 14:35:33 [INFO    ] EpsteinFetcher - 🔍 FASE 1: Descubriendo datasets 5-9
2026-02-09 14:35:33 [INFO    ] EpsteinFetcher - 
============================================================
2026-02-09 14:35:33 [INFO    ] EpsteinFetcher - 
============================================================
2026-02-09 14:35:33 [INFO    ] EpsteinFetcher - 📂 PROCESANDO DATASET 5
2026-02-09 14:35:33 [INFO    ] EpsteinFetcher - 📂 PROCESANDO DATASET 5
2026-02-09 14:35:33 [INFO    ] EpsteinFetcher - ============================================================
2026-02-09 14:35:33 [INFO    ] EpsteinFetcher - ============================================================
2026-02-09 14:35:33 [INFO    ] EpsteinFetcher - 🔍 Explorando Dataset 5...
2026-02-09 14:35:33 [INFO    ] EpsteinFetcher - 🔍 Explorando Dataset 5...
2026-02-09 14:35:33 [INFO    ] EpsteinFetcher -   Página 1: 49 archivos nuevos
2026-02-09 14:35:33 [INFO    ] EpsteinFetcher -   Página 1: 49 archivos nuevos
2026-02-09 14:35:35 [WARNING ] EpsteinFetcher - HTTP 403 en https://www.justice.gov/epstein/doj-disclosures/data-set-5-files?page=2 (intento 1)
2026-02-09 14:35:35 [WARNING ] EpsteinFetcher - HTTP 403 en https://www.justice.gov/epstein/doj-disclosures/data-set-5-files?page=2 (intento 1)
2026-02-09 14:35:38 [WARNING ] EpsteinFetcher - HTTP 403 en https://www.justice.gov/epstein/doj-disclosures/data-set-5-files?page=2 (intento 2)
2026-02-09 14:35:38 [WARNING ] EpsteinFetcher - HTTP 403 en https://www.justice.gov/epstein/doj-disclosures/data-set-5-files?page=2 (intento 2)
2026-02-09 14:35:38 [WARNING ] EpsteinFetcher -   Página 2: No se pudo acceder
2026-02-09 14:35:38 [WARNING ] EpsteinFetcher -   Página 2: No se pudo acceder
2026-02-09 14:35:46 [WARNING ] EpsteinFetcher - HTTP 403 en https://www.justice.gov/epstein/doj-disclosures/data-set-5-files?page=3 (intento 1)
2026-02-09 14:35:46 [WARNING ] EpsteinFetcher - HTTP 403 en https://www.justice.gov/epstein/doj-disclosures/data-set-5-files?page=3 (intento 1)
2026-02-09 14:35:54 [WARNING ] EpsteinFetcher - HTTP 403 en https://www.justice.gov/epstein/doj-disclosures/data-set-5-files?page=3 (intento 2)
2026-02-09 14:35:54 [WARNING ] EpsteinFetcher - HTTP 403 en https://www.justice.gov/epstein/doj-disclosures/data-set-5-files?page=3 (intento 2)
2026-02-09 14:35:54 [WARNING ] EpsteinFetcher -   Página 3: No se pudo acceder
2026-02-09 14:35:54 [WARNING ] EpsteinFetcher -   Página 3: No se pudo acceder
2026-02-09 14:35:58 [INFO    ] EpsteinFetcher -   🔍 Validando 49 archivos...
2026-02-09 14:35:58 [INFO    ] EpsteinFetcher -   🔍 Validando 49 archivos...
2026-02-09 14:36:07 [INFO    ] EpsteinFetcher - ✅ Dataset 5: 49 archivos válidos de 49 encontrados
2026-02-09 14:36:07 [INFO    ] EpsteinFetcher - ✅ Dataset 5: 49 archivos válidos de 49 encontrados
2026-02-09 14:36:07 [INFO    ] EpsteinFetcher - ⏸️  Pausa de 2.2s...
2026-02-09 14:36:07 [INFO    ] EpsteinFetcher - ⏸️  Pausa de 2.2s...
2026-02-09 14:36:09 [INFO    ] EpsteinFetcher - 
============================================================
2026-02-09 14:36:09 [INFO    ] EpsteinFetcher - 
============================================================
2026-02-09 14:36:09 [INFO    ] EpsteinFetcher - 📂 PROCESANDO DATASET 6
2026-02-09 14:36:09 [INFO    ] EpsteinFetcher - 📂 PROCESANDO DATASET 6
2026-02-09 14:36:09 [INFO    ] EpsteinFetcher - ============================================================
2026-02-09 14:36:09 [INFO    ] EpsteinFetcher - ============================================================
2026-02-09 14:36:09 [INFO    ] EpsteinFetcher - 🔍 Explorando Dataset 6...
2026-02-09 14:36:09 [INFO    ] EpsteinFetcher - 🔍 Explorando Dataset 6...
2026-02-09 14:36:09 [INFO    ] EpsteinFetcher -   Página 1: 13 archivos nuevos
2026-02-09 14:36:09 [INFO    ] EpsteinFetcher -   Página 1: 13 archivos nuevos
2026-02-09 14:36:11 [WARNING ] EpsteinFetcher - HTTP 403 en https://www.justice.gov/epstein/doj-disclosures/data-set-6-files?page=2 (intento 1)
2026-02-09 14:36:11 [WARNING ] EpsteinFetcher - HTTP 403 en https://www.justice.gov/epstein/doj-disclosures/data-set-6-files?page=2 (intento 1)
2026-02-09 14:36:14 [WARNING ] EpsteinFetcher - HTTP 403 en https://www.justice.gov/epstein/doj-disclosures/data-set-6-files?page=2 (intento 2)
2026-02-09 14:36:14 [WARNING ] EpsteinFetcher - HTTP 403 en https://www.justice.gov/epstein/doj-disclosures/data-set-6-files?page=2 (intento 2)
2026-02-09 14:36:14 [WARNING ] EpsteinFetcher -   Página 2: No se pudo acceder
2026-02-09 14:36:14 [WARNING ] EpsteinFetcher -   Página 2: No se pudo acceder
2026-02-09 14:36:19 [WARNING ] EpsteinFetcher -   Página 3: 0 archivos nuevos
2026-02-09 14:36:19 [WARNING ] EpsteinFetcher -   Página 3: 0 archivos nuevos
2026-02-09 14:36:19 [INFO    ] EpsteinFetcher -   ⏹️ Deteniendo: 2 páginas sin archivos nuevos
2026-02-09 14:36:19 [INFO    ] EpsteinFetcher -   ⏹️ Deteniendo: 2 páginas sin archivos nuevos
2026-02-09 14:36:19 [INFO    ] EpsteinFetcher -   🔍 Validando 13 archivos...
2026-02-09 14:36:19 [INFO    ] EpsteinFetcher -   🔍 Validando 13 archivos...
2026-02-09 14:36:22 [INFO    ] EpsteinFetcher - ✅ Dataset 6: 13 archivos válidos de 13 encontrados
2026-02-09 14:36:22 [INFO    ] EpsteinFetcher - ✅ Dataset 6: 13 archivos válidos de 13 encontrados
2026-02-09 14:36:22 [INFO    ] EpsteinFetcher - ⏸️  Pausa de 3.6s...
2026-02-09 14:36:22 [INFO    ] EpsteinFetcher - ⏸️  Pausa de 3.6s...
2026-02-09 14:36:25 [INFO    ] EpsteinFetcher - 
============================================================
2026-02-09 14:36:25 [INFO    ] EpsteinFetcher - 
============================================================
2026-02-09 14:36:25 [INFO    ] EpsteinFetcher - 📂 PROCESANDO DATASET 7
2026-02-09 14:36:25 [INFO    ] EpsteinFetcher - 📂 PROCESANDO DATASET 7
2026-02-09 14:36:25 [INFO    ] EpsteinFetcher - ============================================================
2026-02-09 14:36:25 [INFO    ] EpsteinFetcher - ============================================================
2026-02-09 14:36:25 [INFO    ] EpsteinFetcher - 🔍 Explorando Dataset 7...
2026-02-09 14:36:25 [INFO    ] EpsteinFetcher - 🔍 Explorando Dataset 7...
2026-02-09 14:36:25 [INFO    ] EpsteinFetcher -   Página 1: 17 archivos nuevos
2026-02-09 14:36:25 [INFO    ] EpsteinFetcher -   Página 1: 17 archivos nuevos
2026-02-09 14:36:27 [WARNING ] EpsteinFetcher -   Página 2: 0 archivos nuevos
2026-02-09 14:36:27 [WARNING ] EpsteinFetcher -   Página 2: 0 archivos nuevos
2026-02-09 14:36:33 [WARNING ] EpsteinFetcher - HTTP 403 en https://www.justice.gov/epstein/doj-disclosures/data-set-7-files?page=3 (intento 1)
2026-02-09 14:36:33 [WARNING ] EpsteinFetcher - HTTP 403 en https://www.justice.gov/epstein/doj-disclosures/data-set-7-files?page=3 (intento 1)
2026-02-09 14:36:37 [WARNING ] EpsteinFetcher - HTTP 403 en https://www.justice.gov/epstein/doj-disclosures/data-set-7-files?page=3 (intento 2)
2026-02-09 14:36:37 [WARNING ] EpsteinFetcher - HTTP 403 en https://www.justice.gov/epstein/doj-disclosures/data-set-7-files?page=3 (intento 2)
2026-02-09 14:36:37 [WARNING ] EpsteinFetcher -   Página 3: No se pudo acceder
2026-02-09 14:36:37 [WARNING ] EpsteinFetcher -   Página 3: No se pudo acceder
2026-02-09 14:36:40 [INFO    ] EpsteinFetcher -   🔍 Validando 17 archivos...
2026-02-09 14:36:40 [INFO    ] EpsteinFetcher -   🔍 Validando 17 archivos...
2026-02-09 14:36:43 [INFO    ] EpsteinFetcher - ✅ Dataset 7: 17 archivos válidos de 17 encontrados
2026-02-09 14:36:43 [INFO    ] EpsteinFetcher - ✅ Dataset 7: 17 archivos válidos de 17 encontrados
2026-02-09 14:36:43 [INFO    ] EpsteinFetcher - ⏸️  Pausa de 4.1s...
2026-02-09 14:36:43 [INFO    ] EpsteinFetcher - ⏸️  Pausa de 4.1s...
2026-02-09 14:36:47 [INFO    ] EpsteinFetcher - 
============================================================
2026-02-09 14:36:47 [INFO    ] EpsteinFetcher - 
============================================================
2026-02-09 14:36:47 [INFO    ] EpsteinFetcher - 📂 PROCESANDO DATASET 8
2026-02-09 14:36:47 [INFO    ] EpsteinFetcher - 📂 PROCESANDO DATASET 8
2026-02-09 14:36:47 [INFO    ] EpsteinFetcher - ============================================================
2026-02-09 14:36:47 [INFO    ] EpsteinFetcher - ============================================================
2026-02-09 14:36:47 [INFO    ] EpsteinFetcher - 🔍 Explorando Dataset 8...
2026-02-09 14:36:47 [INFO    ] EpsteinFetcher - 🔍 Explorando Dataset 8...
2026-02-09 14:36:47 [INFO    ] EpsteinFetcher -   Página 1: 49 archivos nuevos
2026-02-09 14:36:47 [INFO    ] EpsteinFetcher -   Página 1: 49 archivos nuevos
2026-02-09 14:36:48 [WARNING ] EpsteinFetcher - HTTP 403 en https://www.justice.gov/epstein/doj-disclosures/data-set-8-files?page=2 (intento 1)
2026-02-09 14:36:48 [WARNING ] EpsteinFetcher - HTTP 403 en https://www.justice.gov/epstein/doj-disclosures/data-set-8-files?page=2 (intento 1)
2026-02-09 14:36:56 [WARNING ] EpsteinFetcher - HTTP 403 en https://www.justice.gov/epstein/doj-disclosures/data-set-8-files?page=2 (intento 2)
2026-02-09 14:36:56 [WARNING ] EpsteinFetcher - HTTP 403 en https://www.justice.gov/epstein/doj-disclosures/data-set-8-files?page=2 (intento 2)
2026-02-09 14:36:56 [WARNING ] EpsteinFetcher -   Página 2: No se pudo acceder
2026-02-09 14:36:56 [WARNING ] EpsteinFetcher -   Página 2: No se pudo acceder
2026-02-09 14:37:00 [WARNING ] EpsteinFetcher - Límite de refrescos de sesión alcanzado
2026-02-09 14:37:00 [WARNING ] EpsteinFetcher - Límite de refrescos de sesión alcanzado
2026-02-09 14:37:00 [WARNING ] EpsteinFetcher - HTTP 403 en https://www.justice.gov/epstein/doj-disclosures/data-set-8-files?page=3 (intento 1)
2026-02-09 14:37:00 [WARNING ] EpsteinFetcher - HTTP 403 en https://www.justice.gov/epstein/doj-disclosures/data-set-8-files?page=3 (intento 1)
2026-02-09 14:37:04 [WARNING ] EpsteinFetcher - HTTP 403 en https://www.justice.gov/epstein/doj-disclosures/data-set-8-files?page=3 (intento 2)
2026-02-09 14:37:04 [WARNING ] EpsteinFetcher - HTTP 403 en https://www.justice.gov/epstein/doj-disclosures/data-set-8-files?page=3 (intento 2)
2026-02-09 14:37:04 [WARNING ] EpsteinFetcher -   Página 3: No se pudo acceder
2026-02-09 14:37:04 [WARNING ] EpsteinFetcher -   Página 3: No se pudo acceder
2026-02-09 14:37:06 [INFO    ] EpsteinFetcher -   🔍 Validando 49 archivos...
2026-02-09 14:37:06 [INFO    ] EpsteinFetcher -   🔍 Validando 49 archivos...
2026-02-09 14:37:15 [INFO    ] EpsteinFetcher - ✅ Dataset 8: 49 archivos válidos de 49 encontrados
2026-02-09 14:37:15 [INFO    ] EpsteinFetcher - ✅ Dataset 8: 49 archivos válidos de 49 encontrados
2026-02-09 14:37:15 [INFO    ] EpsteinFetcher - ⏸️  Pausa de 2.9s...
2026-02-09 14:37:15 [INFO    ] EpsteinFetcher - ⏸️  Pausa de 2.9s...
2026-02-09 14:37:17 [INFO    ] EpsteinFetcher - 
============================================================
2026-02-09 14:37:17 [INFO    ] EpsteinFetcher - 
============================================================
2026-02-09 14:37:17 [INFO    ] EpsteinFetcher - 📂 PROCESANDO DATASET 9
2026-02-09 14:37:17 [INFO    ] EpsteinFetcher - 📂 PROCESANDO DATASET 9
2026-02-09 14:37:17 [INFO    ] EpsteinFetcher - ============================================================
2026-02-09 14:37:17 [INFO    ] EpsteinFetcher - ============================================================
2026-02-09 14:37:17 [INFO    ] EpsteinFetcher - 🔍 Explorando Dataset 9...
2026-02-09 14:37:17 [INFO    ] EpsteinFetcher - 🔍 Explorando Dataset 9...
2026-02-09 14:37:18 [INFO    ] EpsteinFetcher -   Página 1: 50 archivos nuevos
2026-02-09 14:37:18 [INFO    ] EpsteinFetcher -   Página 1: 50 archivos nuevos
2026-02-09 14:37:19 [INFO    ] EpsteinFetcher -   Página 2: 50 archivos nuevos
2026-02-09 14:37:19 [INFO    ] EpsteinFetcher -   Página 2: 50 archivos nuevos
2026-02-09 14:37:21 [WARNING ] EpsteinFetcher - Límite de refrescos de sesión alcanzado
2026-02-09 14:37:21 [WARNING ] EpsteinFetcher - Límite de refrescos de sesión alcanzado
2026-02-09 14:37:21 [INFO    ] EpsteinFetcher -   Página 3: 50 archivos nuevos
2026-02-09 14:37:21 [INFO    ] EpsteinFetcher -   Página 3: 50 archivos nuevos
2026-02-09 14:37:23 [INFO    ] EpsteinFetcher -   Página 4: 50 archivos nuevos
2026-02-09 14:37:23 [INFO    ] EpsteinFetcher -   Página 4: 50 archivos nuevos
2026-02-09 14:37:24 [WARNING ] EpsteinFetcher - HTTP 403 en https://www.justice.gov/epstein/doj-disclosures/data-set-9-files?page=5 (intento 1)
2026-02-09 14:37:24 [WARNING ] EpsteinFetcher - HTTP 403 en https://www.justice.gov/epstein/doj-disclosures/data-set-9-files?page=5 (intento 1)
2026-02-09 14:37:28 [WARNING ] EpsteinFetcher - HTTP 403 en https://www.justice.gov/epstein/doj-disclosures/data-set-9-files?page=5 (intento 2)
2026-02-09 14:37:28 [WARNING ] EpsteinFetcher - HTTP 403 en https://www.justice.gov/epstein/doj-disclosures/data-set-9-files?page=5 (intento 2)
2026-02-09 14:37:28 [WARNING ] EpsteinFetcher -   Página 5: No se pudo acceder
2026-02-09 14:37:28 [WARNING ] EpsteinFetcher -   Página 5: No se pudo acceder
2026-02-09 14:37:30 [WARNING ] EpsteinFetcher - Límite de refrescos de sesión alcanzado
2026-02-09 14:37:30 [WARNING ] EpsteinFetcher - Límite de refrescos de sesión alcanzado
2026-02-09 14:37:30 [WARNING ] EpsteinFetcher - HTTP 403 en https://www.justice.gov/epstein/doj-disclosures/data-set-9-files?page=6 (intento 1)
2026-02-09 14:37:30 [WARNING ] EpsteinFetcher - HTTP 403 en https://www.justice.gov/epstein/doj-disclosures/data-set-9-files?page=6 (intento 1)
2026-02-09 14:37:30 [WARNING ] EpsteinFetcher - Límite de refrescos de sesión alcanzado
2026-02-09 14:37:30 [WARNING ] EpsteinFetcher - Límite de refrescos de sesión alcanzado
2026-02-09 14:37:33 [WARNING ] EpsteinFetcher - HTTP 403 en https://www.justice.gov/epstein/doj-disclosures/data-set-9-files?page=6 (intento 2)
2026-02-09 14:37:33 [WARNING ] EpsteinFetcher - HTTP 403 en https://www.justice.gov/epstein/doj-disclosures/data-set-9-files?page=6 (intento 2)
2026-02-09 14:37:33 [WARNING ] EpsteinFetcher -   Página 6: No se pudo acceder
2026-02-09 14:37:33 [WARNING ] EpsteinFetcher -   Página 6: No se pudo acceder
2026-02-09 14:37:35 [INFO    ] EpsteinFetcher -   🔍 Validando 200 archivos...
2026-02-09 14:37:35 [INFO    ] EpsteinFetcher -   🔍 Validando 200 archivos...
2026-02-09 14:38:12 [INFO    ] EpsteinFetcher - ✅ Dataset 9: 200 archivos válidos de 200 encontrados
2026-02-09 14:38:12 [INFO    ] EpsteinFetcher - ✅ Dataset 9: 200 archivos válidos de 200 encontrados
2026-02-09 14:38:12 [INFO    ] EpsteinFetcher - 
📊 Descubrimiento completado: 328 archivos en 5 datasets
2026-02-09 14:38:12 [INFO    ] EpsteinFetcher - 
📊 Descubrimiento completado: 328 archivos en 5 datasets
2026-02-09 14:38:12 [ERROR   ] EpsteinFetcher - ❌ Error fatal en pipeline: Object of type datetime is not JSON serializable
Traceback (most recent call last):
  File "/app/main_v3.py", line 1200, in main
    results = fetcher.run_pipeline(
              ^^^^^^^^^^^^^^^^^^^^^
  File "/app/main_v3.py", line 996, in run_pipeline
    all_files = self.discover_all_datasets(start_dataset, end_dataset)
                ^^^^^^^^^^^^^^^^^^^^^^^^^^^^^^^^^^^^^^^^^^^^^^^^^^^^^^
  File "/app/main_v3.py", line 952, in discover_all_datasets
    self._save_discovery_metadata(all_files)
  File "/app/main_v3.py", line 978, in _save_discovery_metadata
    json.dump(metadata, f, indent=2, ensure_ascii=False)
  File "/usr/local/lib/python3.12/json/__init__.py", line 179, in dump
    for chunk in iterable:
                 ^^^^^^^^
  File "/usr/local/lib/python3.12/json/encoder.py", line 432, in _iterencode
    yield from _iterencode_dict(o, _current_indent_level)
  File "/usr/local/lib/python3.12/json/encoder.py", line 406, in _iterencode_dict
    yield from chunks
  File "/usr/local/lib/python3.12/json/encoder.py", line 406, in _iterencode_dict
    yield from chunks
  File "/usr/local/lib/python3.12/json/encoder.py", line 439, in _iterencode
    o = _default(o)
        ^^^^^^^^^^^
  File "/usr/local/lib/python3.12/json/encoder.py", line 180, in default
    raise TypeError(f'Object of type {o.__class__.__name__} '
TypeError: Object of type datetime is not JSON serializable
2026-02-09 14:38:12 [ERROR   ] EpsteinFetcher - ❌ Error fatal en pipeline: Object of type datetime is not JSON serializable
Traceback (most recent call last):
  File "/app/main_v3.py", line 1200, in main
    results = fetcher.run_pipeline(
              ^^^^^^^^^^^^^^^^^^^^^
  File "/app/main_v3.py", line 996, in run_pipeline
    all_files = self.discover_all_datasets(start_dataset, end_dataset)
                ^^^^^^^^^^^^^^^^^^^^^^^^^^^^^^^^^^^^^^^^^^^^^^^^^^^^^^
  File "/app/main_v3.py", line 952, in discover_all_datasets
    self._save_discovery_metadata(all_files)
  File "/app/main_v3.py", line 978, in _save_discovery_metadata
    json.dump(metadata, f, indent=2, ensure_ascii=False)
  File "/usr/local/lib/python3.12/json/__init__.py", line 179, in dump
    for chunk in iterable:
                 ^^^^^^^^
  File "/usr/local/lib/python3.12/json/encoder.py", line 432, in _iterencode
    yield from _iterencode_dict(o, _current_indent_level)
  File "/usr/local/lib/python3.12/json/encoder.py", line 406, in _iterencode_dict
    yield from chunks
  File "/usr/local/lib/python3.12/json/encoder.py", line 406, in _iterencode_dict
    yield from chunks
  File "/usr/local/lib/python3.12/json/encoder.py", line 439, in _iterencode
    o = _default(o)
        ^^^^^^^^^^^
  File "/usr/local/lib/python3.12/json/encoder.py", line 180, in default
    raise TypeError(f'Object of type {o.__class__.__name__} '
TypeError: Object of type datetime is not JSON serializable
