2026-02-09 13:35:03,512 - root - INFO - Logs guardados en: /home/bolitaria/libertas-project/data/logs/fetcher_20260209_133503.log
2026-02-09 13:35:03,514 - root - INFO - 🕵️  FASE 1: Descubriendo archivos...
2026-02-09 13:35:03,514 - root - INFO - 🚀 Iniciando descubrimiento dinámico...
2026-02-09 13:35:04,215 - root - WARNING - HTTP 403 para https://www.justice.gov/epstein/doj-disclosures/data-set-5-files?page=1
2026-02-09 13:35:04,842 - root - WARNING - HTTP 403 para https://www.justice.gov/epstein/doj-disclosures/data-set-5-files?page=2
2026-02-09 13:35:05,451 - root - WARNING - HTTP 403 para https://www.justice.gov/epstein/doj-disclosures/data-set-5-files?page=3
2026-02-09 13:35:05,452 - root - INFO - 📂 Dataset 5: 49 archivos encontrados
2026-02-09 13:35:07,136 - root - WARNING - HTTP 403 para https://www.justice.gov/epstein/doj-disclosures/data-set-6-files?page=1
2026-02-09 13:35:07,745 - root - WARNING - HTTP 403 para https://www.justice.gov/epstein/doj-disclosures/data-set-6-files?page=2
2026-02-09 13:35:08,354 - root - WARNING - HTTP 403 para https://www.justice.gov/epstein/doj-disclosures/data-set-6-files?page=3
2026-02-09 13:35:08,354 - root - INFO - 📂 Dataset 6: 13 archivos encontrados
2026-02-09 13:35:10,021 - root - WARNING - HTTP 403 para https://www.justice.gov/epstein/doj-disclosures/data-set-7-files?page=1
2026-02-09 13:35:10,627 - root - WARNING - HTTP 403 para https://www.justice.gov/epstein/doj-disclosures/data-set-7-files?page=2
2026-02-09 13:35:11,237 - root - WARNING - HTTP 403 para https://www.justice.gov/epstein/doj-disclosures/data-set-7-files?page=3
2026-02-09 13:35:11,238 - root - INFO - 📂 Dataset 7: 17 archivos encontrados
2026-02-09 13:35:12,905 - root - WARNING - HTTP 403 para https://www.justice.gov/epstein/doj-disclosures/data-set-8-files?page=1
2026-02-09 13:35:13,512 - root - WARNING - HTTP 403 para https://www.justice.gov/epstein/doj-disclosures/data-set-8-files?page=2
2026-02-09 13:35:14,129 - root - WARNING - HTTP 403 para https://www.justice.gov/epstein/doj-disclosures/data-set-8-files?page=3
2026-02-09 13:35:14,130 - root - INFO - 📂 Dataset 8: 49 archivos encontrados
2026-02-09 13:35:15,789 - root - WARNING - HTTP 403 para https://www.justice.gov/epstein/doj-disclosures/data-set-9-files?page=1
2026-02-09 13:35:16,408 - root - WARNING - HTTP 403 para https://www.justice.gov/epstein/doj-disclosures/data-set-9-files?page=2
2026-02-09 13:35:17,022 - root - WARNING - HTTP 403 para https://www.justice.gov/epstein/doj-disclosures/data-set-9-files?page=3
2026-02-09 13:35:17,022 - root - INFO - 📂 Dataset 9: 50 archivos encontrados
2026-02-09 13:35:18,684 - root - WARNING - HTTP 403 para https://www.justice.gov/epstein/doj-disclosures/data-set-10-files?page=1
2026-02-09 13:35:19,309 - root - WARNING - HTTP 403 para https://www.justice.gov/epstein/doj-disclosures/data-set-10-files?page=2
2026-02-09 13:35:19,918 - root - WARNING - HTTP 403 para https://www.justice.gov/epstein/doj-disclosures/data-set-10-files?page=3
2026-02-09 13:35:19,918 - root - INFO - 📂 Dataset 10: 50 archivos encontrados
2026-02-09 13:35:21,580 - root - WARNING - HTTP 403 para https://www.justice.gov/epstein/doj-disclosures/data-set-11-files?page=1
2026-02-09 13:35:22,199 - root - WARNING - HTTP 403 para https://www.justice.gov/epstein/doj-disclosures/data-set-11-files?page=2
2026-02-09 13:35:22,808 - root - WARNING - HTTP 403 para https://www.justice.gov/epstein/doj-disclosures/data-set-11-files?page=3
2026-02-09 13:35:22,808 - root - INFO - 📂 Dataset 11: 50 archivos encontrados
2026-02-09 13:35:24,477 - root - WARNING - HTTP 403 para https://www.justice.gov/epstein/doj-disclosures/data-set-12-files?page=1
2026-02-09 13:35:25,095 - root - WARNING - HTTP 403 para https://www.justice.gov/epstein/doj-disclosures/data-set-12-files?page=2
2026-02-09 13:35:25,713 - root - WARNING - HTTP 403 para https://www.justice.gov/epstein/doj-disclosures/data-set-12-files?page=3
2026-02-09 13:35:25,714 - root - INFO - 📂 Dataset 12: 50 archivos encontrados
2026-02-09 13:35:27,473 - root - WARNING - HTTP 403 para https://www.justice.gov/epstein/doj-disclosures/data-set-13-files
2026-02-09 13:35:29,203 - root - WARNING - HTTP 403 para https://www.justice.gov/epstein/doj-disclosures/data-set-14-files
2026-02-09 13:35:30,808 - root - WARNING - HTTP 403 para https://www.justice.gov/epstein/doj-disclosures/data-set-15-files
2026-02-09 13:35:32,453 - root - WARNING - HTTP 403 para https://www.justice.gov/epstein/doj-disclosures/data-set-16-files
2026-02-09 13:35:34,247 - root - WARNING - HTTP 403 para https://www.justice.gov/epstein/doj-disclosures/data-set-17-files
2026-02-09 13:35:34,248 - root - INFO - Detenido: 5 datasets vacíos consecutivos
2026-02-09 13:35:34,248 - root - INFO - ✅ Descubrimiento completado: 328 archivos en 8 datasets
2026-02-09 13:35:34,248 - root - INFO - ⬇️  FASE 2: Descargando archivos...
2026-02-09 13:35:34,249 - root - INFO - Iniciando descarga de 328 archivos nuevos...
2026-02-09 13:35:49,046 - root - WARNING - Error 403: EFTA00039220.pdf
2026-02-09 13:35:49,059 - root - WARNING - Error 403: EFTA00009887.pdf
2026-02-09 13:35:49,073 - root - WARNING - Error 403: EFTA00039663.pdf
2026-02-09 13:35:49,082 - root - WARNING - Error 404: EFTA00009888.pdf
2026-02-09 13:35:49,094 - root - WARNING - Error 403: EFTA00039416.pdf
2026-02-09 13:35:49,104 - root - WARNING - Error 403: EFTA00039208.pdf
2026-02-09 13:35:49,113 - root - WARNING - Error 403: EFTA00039295.pdf
2026-02-09 13:35:49,139 - root - WARNING - Error 404: EFTA00039797.pdf
2026-02-09 13:35:49,154 - root - WARNING - Error 404: EFTA00039227.pdf
2026-02-09 13:35:49,157 - root - WARNING - Error 404: EFTA00039796.pdf
2026-02-09 13:35:49,169 - root - WARNING - Error 404: EFTA00039351.pdf
2026-02-09 13:35:49,183 - root - WARNING - Error 404: EFTA00039660.pdf
2026-02-09 13:35:49,190 - root - WARNING - Error 404: EFTA00039420.pdf
2026-02-09 13:35:49,194 - root - WARNING - Error 403: EFTA00039025.pdf
2026-02-09 13:35:49,200 - root - WARNING - Error 404: EFTA00039689.pdf
2026-02-09 13:35:49,210 - root - WARNING - Error 403: EFTA00039190.pdf
2026-02-09 13:35:49,210 - root - WARNING - Error 403: EFTA00039791.pdf
2026-02-09 13:35:49,218 - root - WARNING - Error 403: EFTA00039282.pdf
2026-02-09 13:35:49,225 - root - WARNING - Error 404: EFTA00039798.pdf
2026-02-09 13:35:49,235 - root - WARNING - Error 403: EFTA00039665.pdf
2026-02-09 13:35:49,238 - root - WARNING - Error 404: EFTA00039790.pdf
2026-02-09 13:35:49,249 - root - WARNING - Error 404: EFTA00039809.pdf
2026-02-09 13:35:49,266 - root - WARNING - Error 404: EFTA00039794.pdf
2026-02-09 13:35:49,283 - root - WARNING - Error 404: EFTA00039383.pdf
2026-02-09 13:35:49,296 - root - WARNING - Error 404: EFTA00039879.pdf
2026-02-09 13:35:49,309 - root - WARNING - Error 404: EFTA00039872.pdf
2026-02-09 13:35:49,321 - root - WARNING - Error 404: EFTA00039367.pdf
2026-02-09 13:35:49,323 - root - WARNING - Error 404: EFTA00039662.pdf
2026-02-09 13:35:49,330 - root - WARNING - Error 404: EFTA00039806.pdf
2026-02-09 13:35:49,345 - root - WARNING - Error 404: EFTA00039816.pdf
2026-02-09 13:35:49,351 - root - WARNING - Error 404: EFTA00039875.pdf
2026-02-09 13:35:49,361 - root - WARNING - Error 404: EFTA00039825.pdf
2026-02-09 13:35:49,365 - root - WARNING - Error 404: EFTA00039820.pdf
2026-02-09 13:35:49,367 - root - WARNING - Error 404: EFTA01262784.pdf
2026-02-09 13:35:49,370 - root - WARNING - Error 404: EFTA00039867.pdf
2026-02-09 13:35:49,393 - root - WARNING - Error 404: EFTA00039817.pdf
2026-02-09 13:35:49,408 - root - WARNING - Error 404: EFTA01262863.pdf
2026-02-09 13:35:49,417 - root - WARNING - Error 404: EFTA00039802.pdf
2026-02-09 13:35:49,433 - root - WARNING - Error 404: EFTA00039813.pdf
2026-02-09 13:35:49,450 - root - WARNING - Error 404: EFTA00039882.pdf
2026-02-09 13:35:49,465 - root - WARNING - Error 404: EFTA00039799.pdf
2026-02-09 13:35:49,483 - root - WARNING - Error 404: EFTA01262798.pdf
2026-02-09 13:35:50,229 - root - WARNING - Error 404: EFTA00039357.pdf
2026-02-09 13:35:50,477 - root - WARNING - Error 404: EFTA01263093.pdf
2026-02-09 13:35:50,477 - root - WARNING - Error 404: EFTA00039815.pdf
2026-02-09 13:35:50,479 - root - WARNING - Error 404: EFTA01263085.pdf
2026-02-09 13:35:50,479 - root - WARNING - Error 404: EFTA01263024.pdf
2026-02-09 13:35:50,485 - root - WARNING - Error 404: EFTA00039826.pdf
2026-02-09 13:35:50,488 - root - WARNING - Error 404: EFTA00039881.pdf
2026-02-09 13:35:50,491 - root - WARNING - Error 404: EFTA00039880.pdf
2026-02-09 13:35:50,497 - root - WARNING - Error 404: EFTA01262960.pdf
2026-02-09 13:35:50,499 - root - WARNING - Error 404: EFTA00039868.pdf
2026-02-09 13:35:50,499 - root - WARNING - Error 404: EFTA01262965.pdf
2026-02-09 13:35:50,500 - root - WARNING - Error 404: EFTA01263152.pdf
2026-02-09 13:35:50,516 - root - WARNING - Error 404: EFTA01262956.pdf
2026-02-09 13:35:50,524 - root - WARNING - Error 404: EFTA01263112.pdf
2026-02-09 13:35:50,532 - root - WARNING - Error 404: EFTA00039828.pdf
2026-02-09 13:35:50,556 - root - WARNING - Error 404: EFTA01262895.pdf
2026-02-09 13:35:50,593 - root - WARNING - Error 404: EFTA01263124.pdf
2026-02-09 13:35:50,597 - root - WARNING - Error 404: EFTA01262791.pdf
2026-02-09 13:35:50,598 - root - WARNING - Error 404: EFTA01262782.pdf
2026-02-09 13:35:50,600 - root - WARNING - Error 404: EFTA01263089.pdf
2026-02-09 13:35:50,610 - root - WARNING - Error 404: EFTA01262891.pdf
2026-02-09 13:35:50,613 - root - WARNING - Error 404: EFTA01263197.pdf
2026-02-09 13:35:50,613 - root - WARNING - Error 404: EFTA01262805.pdf
2026-02-09 13:35:50,617 - root - WARNING - Error 404: EFTA01262900.pdf
2026-02-09 13:35:50,635 - root - WARNING - Error 404: EFTA01262829.pdf
2026-02-09 13:35:50,639 - root - WARNING - Error 404: EFTA01263102.pdf
2026-02-09 13:35:50,652 - root - WARNING - Error 404: EFTA01263148.pdf
2026-02-09 13:35:50,659 - root - WARNING - Error 404: EFTA01263156.pdf
2026-02-09 13:35:50,663 - root - WARNING - Error 404: EFTA01263117.pdf
2026-02-09 13:35:50,671 - root - WARNING - Error 404: EFTA01263210.pdf
2026-02-09 13:35:50,686 - root - WARNING - Error 404: EFTA01263145.pdf
2026-02-09 13:35:50,713 - root - WARNING - Error 404: EFTA01263290.pdf
2026-02-09 13:35:50,716 - root - WARNING - Error 404: EFTA01263292.pdf
2026-02-09 13:35:50,718 - root - WARNING - Error 404: EFTA00039878.pdf
2026-02-09 13:35:50,720 - root - WARNING - Error 404: EFTA01263204.pdf
2026-02-09 13:35:50,734 - root - WARNING - Error 404: EFTA01263293.pdf
2026-02-09 13:35:50,734 - root - WARNING - Error 404: EFTA01263329.pdf
2026-02-09 13:35:50,736 - root - WARNING - Error 404: EFTA01263330.pdf
2026-02-09 13:35:50,744 - root - WARNING - Error 404: EFTA01263227.pdf
2026-02-09 13:35:50,760 - root - WARNING - Error 404: EFTA01263213.pdf
2026-02-09 13:35:50,763 - root - WARNING - Error 404: EFTA01263272.pdf
2026-02-09 13:35:50,769 - root - WARNING - Error 404: EFTA01263240.pdf
2026-02-09 13:35:50,777 - root - WARNING - Error 404: EFTA01263289.pdf
2026-02-09 13:35:50,785 - root - WARNING - Error 404: EFTA01264397.pdf
2026-02-09 13:35:50,797 - root - WARNING - Error 404: EFTA01263291.pdf
2026-02-09 13:35:50,798 - root - WARNING - Error 404: EFTA02209622.pdf
2026-02-09 13:35:50,830 - root - WARNING - Error 404: EFTA01263414.pdf
2026-02-09 13:35:50,836 - root - WARNING - Error 404: EFTA01263332.pdf
2026-02-09 13:35:50,839 - root - WARNING - Error 404: EFTA02205655.pdf
2026-02-09 13:35:50,845 - root - WARNING - Error 404: EFTA01264394.pdf
2026-02-09 13:35:50,848 - root - WARNING - Error 404: EFTA02212889.pdf
2026-02-09 13:35:50,857 - root - WARNING - Error 404: EFTA02212890.pdf
2026-02-09 13:35:50,867 - root - WARNING - Error 404: EFTA01263246.pdf
2026-02-09 13:35:50,881 - root - WARNING - Error 404: EFTA01263288.pdf
2026-02-09 13:35:50,891 - root - WARNING - Error 404: EFTA02212897.pdf
2026-02-09 13:35:50,894 - root - WARNING - Error 404: EFTA01264040.pdf
2026-02-09 13:35:50,905 - root - WARNING - Error 404: EFTA02212883.pdf
2026-02-09 13:35:50,906 - root - WARNING - Error 404: EFTA02212892.pdf
2026-02-09 13:35:50,909 - root - WARNING - Error 404: EFTA02209722.pdf
2026-02-09 13:35:50,928 - root - WARNING - Error 404: EFTA01264396.pdf
2026-02-09 13:35:50,942 - root - WARNING - Error 404: EFTA02212904.pdf
2026-02-09 13:35:50,947 - root - WARNING - Error 404: EFTA02212899.pdf
2026-02-09 13:35:50,953 - root - WARNING - Error 404: EFTA01263776.pdf
2026-02-09 13:35:50,967 - root - WARNING - Error 404: EFTA01264031.pdf
2026-02-09 13:35:50,970 - root - WARNING - Error 404: EFTA02212906.pdf
2026-02-09 13:35:50,974 - root - WARNING - Error 404: EFTA02212905.pdf
2026-02-09 13:35:50,982 - root - WARNING - Error 404: EFTA02205827.pdf
2026-02-09 13:35:50,995 - root - WARNING - Error 404: EFTA02212902.pdf
2026-02-09 13:35:51,013 - root - WARNING - Error 404: EFTA02212885.pdf
2026-02-09 13:35:51,021 - root - WARNING - Error 404: EFTA02212925.pdf
2026-02-09 13:35:51,023 - root - WARNING - Error 404: EFTA02212896.pdf
2026-02-09 13:35:51,024 - root - WARNING - Error 404: EFTA01264248.pdf
2026-02-09 13:35:51,045 - root - WARNING - Error 404: EFTA02212922.pdf
2026-02-09 13:35:51,045 - root - WARNING - Error 404: EFTA02212908.pdf
2026-02-09 13:35:51,048 - root - WARNING - Error 404: EFTA02212907.pdf
2026-02-09 13:35:51,055 - root - WARNING - Error 404: EFTA02212901.pdf
2026-02-09 13:35:51,076 - root - WARNING - Error 404: EFTA02212894.pdf
2026-02-09 13:35:51,107 - root - WARNING - Error 404: EFTA02212893.pdf
2026-02-09 13:35:51,115 - root - WARNING - Error 404: EFTA02212891.pdf
2026-02-09 13:35:51,117 - root - WARNING - Error 404: EFTA02212962.pdf
2026-02-09 13:35:51,146 - root - WARNING - Error 404: EFTA02212953.pdf
2026-02-09 13:35:51,154 - root - WARNING - Error 404: EFTA02212949.pdf
2026-02-09 13:35:51,154 - root - WARNING - Error 404: EFTA02212920.pdf
2026-02-09 13:35:51,168 - root - WARNING - Error 404: EFTA02212929.pdf
2026-02-09 13:35:51,170 - root - WARNING - Error 404: EFTA02212900.pdf
2026-02-09 13:35:51,189 - root - WARNING - Error 404: EFTA02730271.pdf
2026-02-09 13:35:51,189 - root - WARNING - Error 404: EFTA02212957.pdf
2026-02-09 13:35:51,189 - root - WARNING - Error 404: EFTA02212937.pdf
2026-02-09 13:35:51,206 - root - WARNING - Error 404: EFTA02212919.pdf
2026-02-09 13:35:51,214 - root - WARNING - Error 404: EFTA02212928.pdf
2026-02-09 13:35:51,231 - root - WARNING - Error 404: EFTA02212946.pdf
2026-02-09 13:35:51,271 - root - WARNING - Error 404: EFTA02212924.pdf
2026-02-09 13:35:52,130 - root - WARNING - Error 404: EFTA02212958.pdf
2026-02-09 13:35:52,278 - root - WARNING - Error 404: EFTA02212921.pdf
2026-02-09 13:35:52,284 - root - WARNING - Error 404: EFTA02212940.pdf
2026-02-09 13:35:52,284 - root - WARNING - Error 404: EFTA02212961.pdf
2026-02-09 13:35:52,284 - root - WARNING - Error 404: EFTA02212968.pdf
2026-02-09 13:35:52,288 - root - WARNING - Error 404: EFTA02212964.pdf
2026-02-09 13:35:52,296 - root - WARNING - Error 404: EFTA02212960.pdf
2026-02-09 13:35:52,296 - root - WARNING - Error 404: EFTA02730486.pdf
2026-02-09 13:35:52,298 - root - WARNING - Error 404: EFTA02730471.pdf
2026-02-09 13:35:52,300 - root - WARNING - Error 404: EFTA02212932.pdf
2026-02-09 13:35:52,317 - root - WARNING - Error 404: EFTA02731069.pdf
2026-02-09 13:35:52,334 - root - WARNING - Error 404: EFTA02730483.pdf
2026-02-09 13:35:52,350 - root - WARNING - Error 404: EFTA02212959.pdf
2026-02-09 13:35:52,369 - root - WARNING - Error 404: EFTA02212936.pdf
2026-02-09 13:35:52,381 - root - WARNING - Error 404: EFTA02730267.pdf
2026-02-09 13:35:52,390 - root - WARNING - Error 404: EFTA02730485.pdf
2026-02-09 13:35:52,400 - root - WARNING - Error 404: EFTA02730469.pdf
2026-02-09 13:35:52,406 - root - WARNING - Error 404: EFTA02212956.pdf
2026-02-09 13:35:52,412 - root - WARNING - Error 404: EFTA02212965.pdf
2026-02-09 13:35:52,412 - root - WARNING - Error 404: EFTA02730473.pdf
2026-02-09 13:35:52,414 - root - WARNING - Error 404: EFTA02212966.pdf
2026-02-09 13:35:52,414 - root - WARNING - Error 404: EFTA02731039.pdf
2026-02-09 13:35:52,437 - root - WARNING - Error 404: EFTA02731361.pdf
2026-02-09 13:35:52,444 - root - WARNING - Error 404: EFTA02731018.pdf
2026-02-09 13:35:52,455 - root - WARNING - Error 404: EFTA02730477.pdf
2026-02-09 13:35:52,463 - root - WARNING - Error 404: EFTA02730468.pdf
2026-02-09 13:35:52,475 - root - WARNING - Error 404: EFTA02730265.pdf
2026-02-09 13:35:52,476 - root - WARNING - Error 404: EFTA02731254.pdf
2026-02-09 13:35:52,488 - root - WARNING - Error 404: EFTA02731393.pdf
2026-02-09 13:35:52,507 - root - WARNING - Error 404: EFTA02731260.pdf
2026-02-09 13:35:52,517 - root - WARNING - Error 404: EFTA02730996.pdf
2026-02-09 13:35:52,523 - root - WARNING - Error 404: EFTA02731023.pdf
2026-02-09 13:35:52,533 - root - WARNING - Error 404: EFTA02730481.pdf
2026-02-09 13:35:52,533 - root - WARNING - Error 404: EFTA02731226.pdf
2026-02-09 13:35:52,535 - root - WARNING - Error 404: EFTA02731414.pdf
2026-02-09 13:35:52,546 - root - WARNING - Error 404: EFTA02731417.pdf
2026-02-09 13:35:52,551 - root - WARNING - Error 404: EFTA02731478.pdf
2026-02-09 13:35:52,551 - root - WARNING - Error 404: EFTA02731416.pdf
2026-02-09 13:35:52,561 - root - WARNING - Error 404: EFTA02731465.pdf
2026-02-09 13:35:52,593 - root - WARNING - Error 404: EFTA02731410.pdf
2026-02-09 13:35:52,615 - root - WARNING - Error 404: EFTA02731341.pdf
2026-02-09 13:35:52,616 - root - WARNING - Error 404: EFTA02731412.pdf
2026-02-09 13:35:52,633 - root - WARNING - Error 404: EFTA02731413.pdf
2026-02-09 13:35:52,634 - root - WARNING - Error 404: EFTA02731433.pdf
2026-02-09 13:35:52,638 - root - WARNING - Error 404: EFTA02731479.pdf
2026-02-09 13:35:52,649 - root - WARNING - Error 404: EFTA02731168.pdf
2026-02-09 13:35:52,649 - root - WARNING - Error 404: EFTA02731420.pdf
2026-02-09 13:35:52,663 - root - WARNING - Error 404: EFTA02731415.pdf
2026-02-09 13:35:52,664 - root - WARNING - Error 404: EFTA02731475.pdf
2026-02-09 13:35:52,666 - root - WARNING - Error 404: EFTA02731419.pdf
2026-02-09 13:35:52,671 - root - WARNING - Error 404: EFTA02731411.pdf
2026-02-09 13:35:52,671 - root - WARNING - Error 404: EFTA02731484.pdf
2026-02-09 13:35:52,674 - root - WARNING - Error 404: EFTA02212963.pdf
2026-02-09 13:35:52,684 - root - WARNING - Error 404: EFTA02731497.pdf
2026-02-09 13:35:52,717 - root - WARNING - Error 404: EFTA02731418.pdf
2026-02-09 13:35:52,727 - root - WARNING - Error 404: EFTA02731477.pdf
2026-02-09 13:35:52,744 - root - WARNING - Error 404: EFTA02731473.pdf
2026-02-09 13:35:52,753 - root - WARNING - Error 404: EFTA02731485.pdf
2026-02-09 13:35:52,755 - root - WARNING - Error 404: EFTA02731488.pdf
2026-02-09 13:35:52,760 - root - WARNING - Error 404: EFTA02731480.pdf
2026-02-09 13:35:52,766 - root - WARNING - Error 404: EFTA02731490.pdf
2026-02-09 13:35:52,780 - root - WARNING - Error 404: EFTA02731486.pdf
2026-02-09 13:35:52,813 - root - WARNING - Error 404: EFTA02731482.pdf
2026-02-09 13:35:52,829 - root - WARNING - Error 404: EFTA00008422.pdf
2026-02-09 13:35:52,830 - root - WARNING - Error 404: EFTA00008415.pdf
2026-02-09 13:35:52,838 - root - WARNING - Error 404: EFTA00008412.pdf
2026-02-09 13:35:52,838 - root - WARNING - Error 404: EFTA00008425.pdf
2026-02-09 13:35:52,839 - root - WARNING - Error 404: EFTA00008421.pdf
2026-02-09 13:35:52,840 - root - WARNING - Error 404: EFTA00008410.pdf
2026-02-09 13:35:52,873 - root - WARNING - Error 404: EFTA00008418.pdf
2026-02-09 13:35:52,873 - root - WARNING - Error 404: EFTA00008445.pdf
2026-02-09 13:35:52,885 - root - WARNING - Error 404: EFTA00008420.pdf
2026-02-09 13:35:52,893 - root - WARNING - Error 404: EFTA00008423.pdf
2026-02-09 13:35:53,897 - root - WARNING - Error 404: EFTA00008411.pdf
2026-02-09 13:35:53,897 - root - WARNING - Error 404: EFTA00008414.pdf
2026-02-09 13:35:53,897 - root - WARNING - Error 404: EFTA00008413.pdf
2026-02-09 13:35:53,899 - root - WARNING - Error 404: EFTA00008409.pdf
2026-02-09 13:35:53,905 - root - WARNING - Error 404: EFTA00008416.pdf
2026-02-09 13:35:53,917 - root - WARNING - Error 404: EFTA00008426.pdf
2026-02-09 13:35:53,918 - root - WARNING - Error 404: EFTA00008434.pdf
2026-02-09 13:35:53,919 - root - WARNING - Error 404: EFTA00008455.pdf
2026-02-09 13:35:53,920 - root - WARNING - Error 404: EFTA00008427.pdf
2026-02-09 13:35:53,924 - root - WARNING - Error 404: EFTA00008429.pdf
2026-02-09 13:35:53,936 - root - WARNING - Error 404: EFTA00008433.pdf
2026-02-09 13:35:53,938 - root - WARNING - Error 404: EFTA00008424.pdf
2026-02-09 13:35:53,955 - root - WARNING - Error 404: EFTA00008450.pdf
2026-02-09 13:35:53,957 - root - WARNING - Error 404: EFTA00008437.pdf
2026-02-09 13:35:53,978 - root - WARNING - Error 404: EFTA00008430.pdf
2026-02-09 13:35:54,015 - root - WARNING - Error 404: EFTA00008438.pdf
2026-02-09 13:35:54,021 - root - WARNING - Error 404: EFTA00008431.pdf
2026-02-09 13:35:54,024 - root - WARNING - Error 404: EFTA00008419.pdf
2026-02-09 13:35:54,053 - root - WARNING - Error 404: EFTA00008417.pdf
2026-02-09 13:35:54,053 - root - WARNING - Error 404: EFTA00008432.pdf
2026-02-09 13:35:54,058 - root - WARNING - Error 404: EFTA00008443.pdf
2026-02-09 13:35:54,058 - root - WARNING - Error 404: EFTA00008436.pdf
2026-02-09 13:35:54,070 - root - WARNING - Error 404: EFTA00008441.pdf
2026-02-09 13:35:54,074 - root - WARNING - Error 404: EFTA00008428.pdf
2026-02-09 13:35:54,075 - root - WARNING - Error 404: EFTA00008452.pdf
2026-02-09 13:35:54,083 - root - WARNING - Error 404: EFTA00008442.pdf
2026-02-09 13:35:54,103 - root - WARNING - Error 404: EFTA00008448.pdf
2026-02-09 13:35:54,111 - root - WARNING - Error 404: EFTA00008435.pdf
2026-02-09 13:35:54,141 - root - WARNING - Error 404: EFTA00008444.pdf
2026-02-09 13:35:54,149 - root - WARNING - Error 404: EFTA00008599.pdf
2026-02-09 13:35:54,149 - root - WARNING - Error 404: EFTA00008453.pdf
2026-02-09 13:35:54,152 - root - WARNING - Error 404: EFTA00008457.pdf
2026-02-09 13:35:54,183 - root - WARNING - Error 404: EFTA00008708.pdf
2026-02-09 13:35:54,190 - root - WARNING - Error 404: EFTA00008874.pdf
2026-02-09 13:35:54,191 - root - WARNING - Error 404: EFTA00009116.pdf
2026-02-09 13:35:54,194 - root - WARNING - Error 404: EFTA00008870.pdf
2026-02-09 13:35:54,196 - root - WARNING - Error 404: EFTA00008863.pdf
2026-02-09 13:35:54,197 - root - WARNING - Error 404: EFTA00008454.pdf
2026-02-09 13:35:54,206 - root - WARNING - Error 404: EFTA00009478.pdf
2026-02-09 13:35:54,217 - root - WARNING - Error 404: EFTA00008440.pdf
2026-02-09 13:35:54,228 - root - WARNING - Error 404: EFTA00008446.pdf
2026-02-09 13:35:54,236 - root - WARNING - Error 404: EFTA00008529.pdf
2026-02-09 13:35:54,253 - root - WARNING - Error 404: EFTA00009632.pdf
2026-02-09 13:35:54,264 - root - WARNING - Error 404: EFTA00008439.pdf
2026-02-09 13:35:54,265 - root - WARNING - Error 404: EFTA00009329.pdf
2026-02-09 13:35:54,274 - root - WARNING - Error 404: EFTA00008716.pdf
2026-02-09 13:35:54,306 - root - WARNING - Error 404: EFTA00009448.pdf
2026-02-09 13:35:54,306 - root - WARNING - Error 404: EFTA00009440.pdf
2026-02-09 13:35:54,308 - root - WARNING - Error 404: EFTA00008920.pdf
2026-02-09 13:35:54,323 - root - WARNING - Error 404: EFTA00008449.pdf
2026-02-09 13:35:54,323 - root - WARNING - Error 404: EFTA00009428.pdf
2026-02-09 13:35:54,324 - root - WARNING - Error 404: EFTA00008892.pdf
2026-02-09 13:35:54,324 - root - WARNING - Error 404: EFTA00009800.pdf
2026-02-09 13:35:54,345 - root - WARNING - Error 404: EFTA00009658.pdf
2026-02-09 13:35:54,353 - root - WARNING - Error 404: EFTA00008585.pdf
2026-02-09 13:35:54,363 - root - WARNING - Error 404: EFTA00008456.pdf
2026-02-09 13:35:54,392 - root - WARNING - Error 404: EFTA00009676.pdf
2026-02-09 13:35:54,395 - root - WARNING - Error 404: EFTA00009586.pdf
2026-02-09 13:35:54,419 - root - WARNING - Error 404: EFTA00009550.pdf
2026-02-09 13:35:54,423 - root - WARNING - Error 404: EFTA00009016.pdf
2026-02-09 13:35:54,428 - root - WARNING - Error 404: EFTA00009794.pdf
2026-02-09 13:35:54,433 - root - WARNING - Error 404: EFTA00009622.pdf
2026-02-09 13:35:54,435 - root - WARNING - Error 404: EFTA00008631.pdf
2026-02-09 13:35:54,446 - root - WARNING - Error 404: EFTA00009826.pdf
2026-02-09 13:35:54,454 - root - WARNING - Error 404: EFTA00008451.pdf
2026-02-09 13:35:54,457 - root - WARNING - Error 404: EFTA00009834.pdf
2026-02-09 13:35:54,468 - root - WARNING - Error 404: EFTA00009229.pdf
2026-02-09 13:35:54,480 - root - WARNING - Error 404: EFTA00009781.pdf
2026-02-09 13:35:54,503 - root - WARNING - Error 404: EFTA00009775.pdf
2026-02-09 13:35:54,513 - root - WARNING - Error 404: EFTA00009791.pdf
2026-02-09 13:35:54,529 - root - WARNING - Error 404: EFTA00009502.pdf
2026-02-09 13:35:54,550 - root - WARNING - Error 404: EFTA00009664.pdf
2026-02-09 13:35:54,554 - root - WARNING - Error 404: EFTA00008744.pdf
2026-02-09 13:35:54,564 - root - WARNING - Error 404: EFTA00009747.pdf
2026-02-09 13:35:54,564 - root - WARNING - Error 404: EFTA00009858.pdf
2026-02-09 13:35:54,564 - root - WARNING - Error 404: EFTA00009825.pdf
2026-02-09 13:35:54,564 - root - WARNING - Error 404: EFTA00008998.pdf
2026-02-09 13:35:54,603 - root - WARNING - Error 404: EFTA00009654.pdf
2026-02-09 13:35:54,608 - root - WARNING - Error 404: EFTA00009802.pdf
2026-02-09 13:35:54,615 - root - WARNING - Error 404: EFTA00009827.pdf
2026-02-09 13:35:54,625 - root - WARNING - Error 404: EFTA00009869.pdf
2026-02-09 13:35:54,627 - root - WARNING - Error 404: EFTA00009864.pdf
2026-02-09 13:35:54,665 - root - WARNING - Error 404: EFTA00009713.pdf
2026-02-09 13:35:55,073 - root - WARNING - Error 404: EFTA00008447.pdf
2026-02-09 13:35:55,673 - root - WARNING - Error 404: EFTA00009886.pdf
2026-02-09 13:35:55,675 - root - WARNING - Error 404: EFTA00009881.pdf
2026-02-09 13:35:55,677 - root - WARNING - Error 404: EFTA00009859.pdf
2026-02-09 13:35:55,677 - root - WARNING - Error 404: EFTA00009863.pdf
2026-02-09 13:35:55,678 - root - WARNING - Error 404: EFTA00009786.pdf
2026-02-09 13:35:55,680 - root - WARNING - Error 404: EFTA00009854.pdf
2026-02-09 13:35:55,683 - root - WARNING - Error 404: EFTA00009807.pdf
2026-02-09 13:35:55,688 - root - WARNING - Error 404: EFTA00009884.pdf
2026-02-09 13:35:55,691 - root - WARNING - Error 404: EFTA00009809.pdf
2026-02-09 13:35:55,696 - root - WARNING - Error 404: EFTA00009831.pdf
2026-02-09 13:35:55,700 - root - WARNING - Error 404: EFTA00009865.pdf
2026-02-09 13:35:55,703 - root - WARNING - Error 404: EFTA00009870.pdf
2026-02-09 13:35:55,714 - root - WARNING - Error 404: EFTA00009808.pdf
2026-02-09 13:35:55,718 - root - WARNING - Error 404: EFTA00009889.pdf
2026-02-09 13:35:55,724 - root - WARNING - Error 404: EFTA00009798.pdf
2026-02-09 13:35:55,790 - root - WARNING - Error 404: EFTA00009873.pdf
2026-02-09 13:35:55,801 - root - WARNING - Error 404: EFTA00009860.pdf
2026-02-09 13:35:55,801 - root - WARNING - Error 404: EFTA00009868.pdf
2026-02-09 13:35:55,801 - root - WARNING - Error 404: EFTA00039153.pdf
2026-02-09 13:35:55,806 - root - WARNING - Error 404: EFTA00009877.pdf
2026-02-09 13:35:55,811 - root - WARNING - Error 404: EFTA00009823.pdf
2026-02-09 13:35:55,813 - root - WARNING - Error 404: EFTA00009796.pdf
2026-02-09 13:35:55,815 - root - WARNING - Error 404: EFTA00009512.pdf
2026-02-09 13:35:55,815 - root - WARNING - Error 404: EFTA00009856.pdf
2026-02-09 13:35:55,819 - root - WARNING - Error 404: EFTA00009829.pdf
2026-02-09 13:35:55,829 - root - WARNING - Error 404: EFTA00039663.pdf
2026-02-09 13:35:55,833 - root - WARNING - Error 404: EFTA00009767.pdf
2026-02-09 13:35:55,847 - root - WARNING - Error 404: EFTA00039419.pdf
2026-02-09 13:35:55,853 - root - WARNING - Error 404: EFTA00009883.pdf
2026-02-09 13:35:55,856 - root - WARNING - Error 404: EFTA00009888.pdf
2026-02-09 13:35:55,913 - root - WARNING - Error 404: EFTA00039190.pdf
2026-02-09 13:35:55,926 - root - WARNING - Error 404: EFTA00009890.pdf
2026-02-09 13:35:55,927 - root - WARNING - Error 404: EFTA00009832.pdf
2026-02-09 13:35:55,933 - root - WARNING - Error 404: EFTA00039796.pdf
2026-02-09 13:35:55,933 - root - WARNING - Error 404: EFTA00039875.pdf
2026-02-09 13:35:55,940 - root - WARNING - Error 404: EFTA00039791.pdf
2026-02-09 13:35:55,946 - root - WARNING - Error 404: EFTA00009882.pdf
2026-02-09 13:35:55,946 - root - WARNING - Error 404: EFTA00009853.pdf
2026-02-09 13:35:55,949 - root - WARNING - Error 404: EFTA00039295.pdf
2026-02-09 13:35:55,965 - root - WARNING - Error 404: EFTA00039689.pdf
2026-02-09 13:35:55,965 - root - WARNING - Error 404: EFTA00039156.pdf
2026-02-09 13:35:55,968 - root - WARNING - Error 404: EFTA00039816.pdf
2026-02-09 13:35:55,974 - root - WARNING - Error 404: EFTA00039420.pdf
2026-02-09 13:35:55,975 - root - WARNING - Error 404: EFTA00039806.pdf
2026-02-09 13:35:56,005 - root - WARNING - Error 404: EFTA00039220.pdf
2026-02-09 13:35:56,030 - root - WARNING - Error 404: EFTA00039794.pdf
2026-02-09 13:35:56,055 - root - WARNING - Error 404: EFTA00039825.pdf
2026-02-09 13:35:56,056 - root - WARNING - Error 404: EFTA00039351.pdf
2026-02-09 13:35:56,058 - root - WARNING - Error 404: EFTA00009885.pdf
2026-02-09 13:35:56,058 - root - WARNING - Error 404: EFTA00039802.pdf
2026-02-09 13:35:56,073 - root - WARNING - Error 404: EFTA00039660.pdf
2026-02-09 13:35:56,080 - root - WARNING - Error 404: EFTA00039665.pdf
2026-02-09 13:35:56,081 - root - WARNING - Error 404: EFTA00039312.pdf
2026-02-09 13:35:56,083 - root - WARNING - Error 404: EFTA00039282.pdf
2026-02-09 13:35:56,096 - root - WARNING - Error 404: EFTA00039383.pdf
2026-02-09 13:35:56,097 - root - WARNING - Error 404: EFTA00009879.pdf
2026-02-09 13:35:56,099 - root - WARNING - Error 404: EFTA00039356.pdf
2026-02-09 13:35:56,106 - root - WARNING - Error 404: EFTA00039662.pdf
2026-02-09 13:35:56,107 - root - WARNING - Error 404: EFTA00039227.pdf
2026-02-09 13:35:56,133 - root - WARNING - Error 404: EFTA00039025.pdf
2026-02-09 13:35:56,172 - root - WARNING - Error 404: EFTA00039882.pdf
2026-02-09 13:35:56,203 - root - WARNING - Error 404: EFTA00039416.pdf
2026-02-09 13:35:56,209 - root - WARNING - Error 404: EFTA00039813.pdf
2026-02-09 13:35:56,214 - root - WARNING - Error 404: EFTA01262784.pdf
2026-02-09 13:35:56,214 - root - WARNING - Error 404: EFTA00039798.pdf
2026-02-09 13:35:56,230 - root - WARNING - Error 404: EFTA00039872.pdf
2026-02-09 13:35:56,230 - root - WARNING - Error 404: EFTA00039817.pdf
2026-02-09 13:35:56,230 - root - WARNING - Error 404: EFTA00039208.pdf
2026-02-09 13:35:56,236 - root - WARNING - Error 404: EFTA00039820.pdf
2026-02-09 13:35:56,245 - root - WARNING - Error 404: EFTA00039799.pdf
2026-02-09 13:35:56,261 - root - WARNING - Error 404: EFTA00039809.pdf
2026-02-09 13:35:56,267 - root - WARNING - Error 404: EFTA00009887.pdf
2026-02-09 13:35:56,282 - root - WARNING - Error 404: EFTA00039867.pdf
2026-02-09 13:35:56,284 - root - WARNING - Error 404: EFTA01262798.pdf
2026-02-09 13:35:56,296 - root - WARNING - Error 404: EFTA01262863.pdf
2026-02-09 13:35:56,330 - root - WARNING - Error 404: EFTA00039790.pdf
2026-02-09 13:35:56,334 - root - WARNING - Error 404: EFTA01262960.pdf
2026-02-09 13:35:56,340 - root - WARNING - Error 404: EFTA00039367.pdf
2026-02-09 13:35:56,361 - root - WARNING - Error 404: EFTA00039879.pdf
2026-02-09 13:35:56,375 - root - WARNING - Error 404: EFTA00039868.pdf
2026-02-09 13:35:56,387 - root - WARNING - Error 404: EFTA01263024.pdf
2026-02-09 13:35:56,398 - root - WARNING - Error 404: EFTA01262965.pdf
2026-02-09 13:35:57,235 - root - WARNING - Error 404: EFTA00039797.pdf
2026-02-09 13:35:57,397 - root - WARNING - Error 404: EFTA01264397.pdf
2026-02-09 13:35:57,403 - root - WARNING - Error 404: EFTA01263093.pdf
2026-02-09 13:35:57,405 - root - WARNING - Error 404: EFTA01263124.pdf
2026-02-09 13:35:57,405 - root - WARNING - Error 404: EFTA00039826.pdf
2026-02-09 13:35:57,413 - root - WARNING - Error 404: EFTA01263102.pdf
2026-02-09 13:35:57,413 - root - WARNING - Error 404: EFTA01263112.pdf
2026-02-09 13:35:57,419 - root - WARNING - Error 404: EFTA00039881.pdf
2026-02-09 13:35:57,420 - root - WARNING - Error 404: EFTA01262805.pdf
2026-02-09 13:35:57,423 - root - WARNING - Error 404: EFTA01263246.pdf
2026-02-09 13:35:57,424 - root - WARNING - Error 404: EFTA01262956.pdf
2026-02-09 13:35:57,430 - root - WARNING - Error 404: EFTA01263085.pdf
2026-02-09 13:35:57,437 - root - WARNING - Error 404: EFTA01263414.pdf
2026-02-09 13:35:57,457 - root - WARNING - Error 404: EFTA01263089.pdf
2026-02-09 13:35:57,478 - root - WARNING - Error 404: EFTA01263292.pdf
2026-02-09 13:35:57,495 - root - WARNING - Error 404: EFTA01263213.pdf
2026-02-09 13:35:57,519 - root - WARNING - Error 404: EFTA01263240.pdf
2026-02-09 13:35:57,519 - root - WARNING - Error 404: EFTA02212883.pdf
2026-02-09 13:35:57,533 - root - WARNING - Error 404: EFTA01263152.pdf
2026-02-09 13:35:57,534 - root - WARNING - Error 404: EFTA01262891.pdf
2026-02-09 13:36:39,905 - root - INFO - 📊 FASE 3: Generando reportes...
2026-02-09 13:36:39,905 - root - INFO - Reporte guardado: /home/bolitaria/libertas-project/data/metadata/report_1770640599.json
